[2024-07-09 08:13:08] local.ERROR: Pusher\Pusher::__construct(): Argument #1 ($auth_key) must be of type string, null given, called in C:\Users\Aasif\Desktop\OnlineStore\vendor\laravel\framework\src\Illuminate\Broadcasting\BroadcastManager.php on line 295 {"exception":"[object] (TypeError(code: 0): Pusher\\Pusher::__construct(): Argument #1 ($auth_key) must be of type string, null given, called in C:\\Users\\Aasif\\Desktop\\OnlineStore\\vendor\\laravel\\framework\\src\\Illuminate\\Broadcasting\\BroadcastManager.php on line 295 at C:\\Users\\Aasif\\Desktop\\OnlineStore\\vendor\\pusher\\pusher-php-server\\src\\Pusher.php:63)
[stacktrace]
#0 C:\\Users\\Aasif\\Desktop\\OnlineStore\\vendor\\laravel\\framework\\src\\Illuminate\\Broadcasting\\BroadcastManager.php(295): Pusher\\Pusher->__construct(NULL, NULL, NULL, Array, NULL)
#1 C:\\Users\\Aasif\\Desktop\\OnlineStore\\vendor\\laravel\\framework\\src\\Illuminate\\Broadcasting\\BroadcastManager.php(284): Illuminate\\Broadcasting\\BroadcastManager->pusher(Array)
#2 C:\\Users\\Aasif\\Desktop\\OnlineStore\\vendor\\laravel\\framework\\src\\Illuminate\\Broadcasting\\BroadcastManager.php(262): Illuminate\\Broadcasting\\BroadcastManager->createPusherDriver(Array)
#3 C:\\Users\\Aasif\\Desktop\\OnlineStore\\vendor\\laravel\\framework\\src\\Illuminate\\Broadcasting\\BroadcastManager.php(233): Illuminate\\Broadcasting\\BroadcastManager->resolve('pusher')
#4 C:\\Users\\Aasif\\Desktop\\OnlineStore\\vendor\\laravel\\framework\\src\\Illuminate\\Broadcasting\\BroadcastManager.php(222): Illuminate\\Broadcasting\\BroadcastManager->get('pusher')
#5 C:\\Users\\Aasif\\Desktop\\OnlineStore\\vendor\\laravel\\framework\\src\\Illuminate\\Broadcasting\\BroadcastManager.php(479): Illuminate\\Broadcasting\\BroadcastManager->driver()
#6 C:\\Users\\Aasif\\Desktop\\OnlineStore\\vendor\\laravel\\framework\\src\\Illuminate\\Support\\Facades\\Facade.php(338): Illuminate\\Broadcasting\\BroadcastManager->__call('channel', Array)
#7 C:\\Users\\Aasif\\Desktop\\OnlineStore\\routes\\channels.php(4): Illuminate\\Support\\Facades\\Facade::__callStatic('channel', Array)
#8 C:\\Users\\Aasif\\Desktop\\OnlineStore\\app\\Providers\\BroadcastServiceProvider.php(19): require('C:\\\\Users\\\\Aasif\\\\...')
#9 C:\\Users\\Aasif\\Desktop\\OnlineStore\\vendor\\laravel\\framework\\src\\Illuminate\\Container\\BoundMethod.php(36): App\\Providers\\BroadcastServiceProvider->boot()
#10 C:\\Users\\Aasif\\Desktop\\OnlineStore\\vendor\\laravel\\framework\\src\\Illuminate\\Container\\Util.php(41): Illuminate\\Container\\BoundMethod::Illuminate\\Container\\{closure}()
#11 C:\\Users\\Aasif\\Desktop\\OnlineStore\\vendor\\laravel\\framework\\src\\Illuminate\\Container\\BoundMethod.php(93): Illuminate\\Container\\Util::unwrapIfClosure(Object(Closure))
#12 C:\\Users\\Aasif\\Desktop\\OnlineStore\\vendor\\laravel\\framework\\src\\Illuminate\\Container\\BoundMethod.php(35): Illuminate\\Container\\BoundMethod::callBoundMethod(Object(Illuminate\\Foundation\\Application), Array, Object(Closure))
#13 C:\\Users\\Aasif\\Desktop\\OnlineStore\\vendor\\laravel\\framework\\src\\Illuminate\\Container\\Container.php(661): Illuminate\\Container\\BoundMethod::call(Object(Illuminate\\Foundation\\Application), Array, Array, NULL)
#14 C:\\Users\\Aasif\\Desktop\\OnlineStore\\vendor\\laravel\\framework\\src\\Illuminate\\Foundation\\Application.php(929): Illuminate\\Container\\Container->call(Array)
#15 C:\\Users\\Aasif\\Desktop\\OnlineStore\\vendor\\laravel\\framework\\src\\Illuminate\\Foundation\\Application.php(910): Illuminate\\Foundation\\Application->bootProvider(Object(App\\Providers\\BroadcastServiceProvider))
#16 [internal function]: Illuminate\\Foundation\\Application->Illuminate\\Foundation\\{closure}(Object(App\\Providers\\BroadcastServiceProvider), 39)
#17 C:\\Users\\Aasif\\Desktop\\OnlineStore\\vendor\\laravel\\framework\\src\\Illuminate\\Foundation\\Application.php(909): array_walk(Array, Object(Closure))
#18 C:\\Users\\Aasif\\Desktop\\OnlineStore\\vendor\\laravel\\framework\\src\\Illuminate\\Foundation\\Bootstrap\\BootProviders.php(17): Illuminate\\Foundation\\Application->boot()
#19 C:\\Users\\Aasif\\Desktop\\OnlineStore\\vendor\\laravel\\framework\\src\\Illuminate\\Foundation\\Application.php(242): Illuminate\\Foundation\\Bootstrap\\BootProviders->bootstrap(Object(Illuminate\\Foundation\\Application))
#20 C:\\Users\\Aasif\\Desktop\\OnlineStore\\vendor\\laravel\\framework\\src\\Illuminate\\Foundation\\Console\\Kernel.php(383): Illuminate\\Foundation\\Application->bootstrapWith(Array)
#21 C:\\Users\\Aasif\\Desktop\\OnlineStore\\vendor\\laravel\\framework\\src\\Illuminate\\Foundation\\Console\\Kernel.php(153): Illuminate\\Foundation\\Console\\Kernel->bootstrap()
#22 Command line code(1): Illuminate\\Foundation\\Console\\Kernel->handle(Object(Symfony\\Component\\Console\\Input\\ArgvInput), Object(Symfony\\Component\\Console\\Output\\ConsoleOutput))
#23 {main}
"} 
[2024-07-09 08:13:08] local.ERROR: Pusher\Pusher::__construct(): Argument #1 ($auth_key) must be of type string, null given, called in C:\Users\Aasif\Desktop\OnlineStore\vendor\laravel\framework\src\Illuminate\Broadcasting\BroadcastManager.php on line 295 {"exception":"[object] (TypeError(code: 0): Pusher\\Pusher::__construct(): Argument #1 ($auth_key) must be of type string, null given, called in C:\\Users\\Aasif\\Desktop\\OnlineStore\\vendor\\laravel\\framework\\src\\Illuminate\\Broadcasting\\BroadcastManager.php on line 295 at C:\\Users\\Aasif\\Desktop\\OnlineStore\\vendor\\pusher\\pusher-php-server\\src\\Pusher.php:63)
[stacktrace]
#0 C:\\Users\\Aasif\\Desktop\\OnlineStore\\vendor\\laravel\\framework\\src\\Illuminate\\Broadcasting\\BroadcastManager.php(295): Pusher\\Pusher->__construct(NULL, NULL, NULL, Array, NULL)
#1 C:\\Users\\Aasif\\Desktop\\OnlineStore\\vendor\\laravel\\framework\\src\\Illuminate\\Broadcasting\\BroadcastManager.php(284): Illuminate\\Broadcasting\\BroadcastManager->pusher(Array)
#2 C:\\Users\\Aasif\\Desktop\\OnlineStore\\vendor\\laravel\\framework\\src\\Illuminate\\Broadcasting\\BroadcastManager.php(262): Illuminate\\Broadcasting\\BroadcastManager->createPusherDriver(Array)
#3 C:\\Users\\Aasif\\Desktop\\OnlineStore\\vendor\\laravel\\framework\\src\\Illuminate\\Broadcasting\\BroadcastManager.php(233): Illuminate\\Broadcasting\\BroadcastManager->resolve('pusher')
#4 C:\\Users\\Aasif\\Desktop\\OnlineStore\\vendor\\laravel\\framework\\src\\Illuminate\\Broadcasting\\BroadcastManager.php(222): Illuminate\\Broadcasting\\BroadcastManager->get('pusher')
#5 C:\\Users\\Aasif\\Desktop\\OnlineStore\\vendor\\laravel\\framework\\src\\Illuminate\\Broadcasting\\BroadcastManager.php(479): Illuminate\\Broadcasting\\BroadcastManager->driver()
#6 C:\\Users\\Aasif\\Desktop\\OnlineStore\\vendor\\laravel\\framework\\src\\Illuminate\\Support\\Facades\\Facade.php(338): Illuminate\\Broadcasting\\BroadcastManager->__call('channel', Array)
#7 C:\\Users\\Aasif\\Desktop\\OnlineStore\\routes\\channels.php(4): Illuminate\\Support\\Facades\\Facade::__callStatic('channel', Array)
#8 C:\\Users\\Aasif\\Desktop\\OnlineStore\\app\\Providers\\BroadcastServiceProvider.php(19): require('C:\\\\Users\\\\Aasif\\\\...')
#9 C:\\Users\\Aasif\\Desktop\\OnlineStore\\vendor\\laravel\\framework\\src\\Illuminate\\Container\\BoundMethod.php(36): App\\Providers\\BroadcastServiceProvider->boot()
#10 C:\\Users\\Aasif\\Desktop\\OnlineStore\\vendor\\laravel\\framework\\src\\Illuminate\\Container\\Util.php(41): Illuminate\\Container\\BoundMethod::Illuminate\\Container\\{closure}()
#11 C:\\Users\\Aasif\\Desktop\\OnlineStore\\vendor\\laravel\\framework\\src\\Illuminate\\Container\\BoundMethod.php(93): Illuminate\\Container\\Util::unwrapIfClosure(Object(Closure))
#12 C:\\Users\\Aasif\\Desktop\\OnlineStore\\vendor\\laravel\\framework\\src\\Illuminate\\Container\\BoundMethod.php(35): Illuminate\\Container\\BoundMethod::callBoundMethod(Object(Illuminate\\Foundation\\Application), Array, Object(Closure))
#13 C:\\Users\\Aasif\\Desktop\\OnlineStore\\vendor\\laravel\\framework\\src\\Illuminate\\Container\\Container.php(661): Illuminate\\Container\\BoundMethod::call(Object(Illuminate\\Foundation\\Application), Array, Array, NULL)
#14 C:\\Users\\Aasif\\Desktop\\OnlineStore\\vendor\\laravel\\framework\\src\\Illuminate\\Foundation\\Application.php(929): Illuminate\\Container\\Container->call(Array)
#15 C:\\Users\\Aasif\\Desktop\\OnlineStore\\vendor\\laravel\\framework\\src\\Illuminate\\Foundation\\Application.php(910): Illuminate\\Foundation\\Application->bootProvider(Object(App\\Providers\\BroadcastServiceProvider))
#16 [internal function]: Illuminate\\Foundation\\Application->Illuminate\\Foundation\\{closure}(Object(App\\Providers\\BroadcastServiceProvider), 39)
#17 C:\\Users\\Aasif\\Desktop\\OnlineStore\\vendor\\laravel\\framework\\src\\Illuminate\\Foundation\\Application.php(909): array_walk(Array, Object(Closure))
#18 C:\\Users\\Aasif\\Desktop\\OnlineStore\\vendor\\laravel\\framework\\src\\Illuminate\\Foundation\\Bootstrap\\BootProviders.php(17): Illuminate\\Foundation\\Application->boot()
#19 C:\\Users\\Aasif\\Desktop\\OnlineStore\\vendor\\laravel\\framework\\src\\Illuminate\\Foundation\\Application.php(242): Illuminate\\Foundation\\Bootstrap\\BootProviders->bootstrap(Object(Illuminate\\Foundation\\Application))
#20 C:\\Users\\Aasif\\Desktop\\OnlineStore\\vendor\\laravel\\framework\\src\\Illuminate\\Foundation\\Console\\Kernel.php(383): Illuminate\\Foundation\\Application->bootstrapWith(Array)
#21 C:\\Users\\Aasif\\Desktop\\OnlineStore\\vendor\\laravel\\framework\\src\\Illuminate\\Foundation\\Console\\Kernel.php(153): Illuminate\\Foundation\\Console\\Kernel->bootstrap()
#22 Command line code(1): Illuminate\\Foundation\\Console\\Kernel->handle(Object(Symfony\\Component\\Console\\Input\\ArgvInput), Object(Symfony\\Component\\Console\\Output\\ConsoleOutput))
#23 {main}
"} 
[2024-07-09 08:13:08] local.ERROR: Pusher\Pusher::__construct(): Argument #1 ($auth_key) must be of type string, null given, called in C:\Users\Aasif\Desktop\OnlineStore\vendor\laravel\framework\src\Illuminate\Broadcasting\BroadcastManager.php on line 295 {"exception":"[object] (TypeError(code: 0): Pusher\\Pusher::__construct(): Argument #1 ($auth_key) must be of type string, null given, called in C:\\Users\\Aasif\\Desktop\\OnlineStore\\vendor\\laravel\\framework\\src\\Illuminate\\Broadcasting\\BroadcastManager.php on line 295 at C:\\Users\\Aasif\\Desktop\\OnlineStore\\vendor\\pusher\\pusher-php-server\\src\\Pusher.php:63)
[stacktrace]
#0 C:\\Users\\Aasif\\Desktop\\OnlineStore\\vendor\\laravel\\framework\\src\\Illuminate\\Broadcasting\\BroadcastManager.php(295): Pusher\\Pusher->__construct(NULL, NULL, NULL, Array, NULL)
#1 C:\\Users\\Aasif\\Desktop\\OnlineStore\\vendor\\laravel\\framework\\src\\Illuminate\\Broadcasting\\BroadcastManager.php(284): Illuminate\\Broadcasting\\BroadcastManager->pusher(Array)
#2 C:\\Users\\Aasif\\Desktop\\OnlineStore\\vendor\\laravel\\framework\\src\\Illuminate\\Broadcasting\\BroadcastManager.php(262): Illuminate\\Broadcasting\\BroadcastManager->createPusherDriver(Array)
#3 C:\\Users\\Aasif\\Desktop\\OnlineStore\\vendor\\laravel\\framework\\src\\Illuminate\\Broadcasting\\BroadcastManager.php(233): Illuminate\\Broadcasting\\BroadcastManager->resolve('pusher')
#4 C:\\Users\\Aasif\\Desktop\\OnlineStore\\vendor\\laravel\\framework\\src\\Illuminate\\Broadcasting\\BroadcastManager.php(222): Illuminate\\Broadcasting\\BroadcastManager->get('pusher')
#5 C:\\Users\\Aasif\\Desktop\\OnlineStore\\vendor\\laravel\\framework\\src\\Illuminate\\Broadcasting\\BroadcastManager.php(479): Illuminate\\Broadcasting\\BroadcastManager->driver()
#6 C:\\Users\\Aasif\\Desktop\\OnlineStore\\vendor\\laravel\\framework\\src\\Illuminate\\Support\\Facades\\Facade.php(338): Illuminate\\Broadcasting\\BroadcastManager->__call('channel', Array)
#7 C:\\Users\\Aasif\\Desktop\\OnlineStore\\routes\\channels.php(4): Illuminate\\Support\\Facades\\Facade::__callStatic('channel', Array)
#8 C:\\Users\\Aasif\\Desktop\\OnlineStore\\app\\Providers\\BroadcastServiceProvider.php(19): require('C:\\\\Users\\\\Aasif\\\\...')
#9 C:\\Users\\Aasif\\Desktop\\OnlineStore\\vendor\\laravel\\framework\\src\\Illuminate\\Container\\BoundMethod.php(36): App\\Providers\\BroadcastServiceProvider->boot()
#10 C:\\Users\\Aasif\\Desktop\\OnlineStore\\vendor\\laravel\\framework\\src\\Illuminate\\Container\\Util.php(41): Illuminate\\Container\\BoundMethod::Illuminate\\Container\\{closure}()
#11 C:\\Users\\Aasif\\Desktop\\OnlineStore\\vendor\\laravel\\framework\\src\\Illuminate\\Container\\BoundMethod.php(93): Illuminate\\Container\\Util::unwrapIfClosure(Object(Closure))
#12 C:\\Users\\Aasif\\Desktop\\OnlineStore\\vendor\\laravel\\framework\\src\\Illuminate\\Container\\BoundMethod.php(35): Illuminate\\Container\\BoundMethod::callBoundMethod(Object(Illuminate\\Foundation\\Application), Array, Object(Closure))
#13 C:\\Users\\Aasif\\Desktop\\OnlineStore\\vendor\\laravel\\framework\\src\\Illuminate\\Container\\Container.php(661): Illuminate\\Container\\BoundMethod::call(Object(Illuminate\\Foundation\\Application), Array, Array, NULL)
#14 C:\\Users\\Aasif\\Desktop\\OnlineStore\\vendor\\laravel\\framework\\src\\Illuminate\\Foundation\\Application.php(929): Illuminate\\Container\\Container->call(Array)
#15 C:\\Users\\Aasif\\Desktop\\OnlineStore\\vendor\\laravel\\framework\\src\\Illuminate\\Foundation\\Application.php(910): Illuminate\\Foundation\\Application->bootProvider(Object(App\\Providers\\BroadcastServiceProvider))
#16 [internal function]: Illuminate\\Foundation\\Application->Illuminate\\Foundation\\{closure}(Object(App\\Providers\\BroadcastServiceProvider), 39)
#17 C:\\Users\\Aasif\\Desktop\\OnlineStore\\vendor\\laravel\\framework\\src\\Illuminate\\Foundation\\Application.php(909): array_walk(Array, Object(Closure))
#18 C:\\Users\\Aasif\\Desktop\\OnlineStore\\vendor\\laravel\\framework\\src\\Illuminate\\Foundation\\Bootstrap\\BootProviders.php(17): Illuminate\\Foundation\\Application->boot()
#19 C:\\Users\\Aasif\\Desktop\\OnlineStore\\vendor\\laravel\\framework\\src\\Illuminate\\Foundation\\Application.php(242): Illuminate\\Foundation\\Bootstrap\\BootProviders->bootstrap(Object(Illuminate\\Foundation\\Application))
#20 C:\\Users\\Aasif\\Desktop\\OnlineStore\\vendor\\laravel\\framework\\src\\Illuminate\\Foundation\\Console\\Kernel.php(383): Illuminate\\Foundation\\Application->bootstrapWith(Array)
#21 C:\\Users\\Aasif\\Desktop\\OnlineStore\\vendor\\laravel\\framework\\src\\Illuminate\\Foundation\\Console\\Kernel.php(153): Illuminate\\Foundation\\Console\\Kernel->bootstrap()
#22 Command line code(1): Illuminate\\Foundation\\Console\\Kernel->handle(Object(Symfony\\Component\\Console\\Input\\ArgvInput), Object(Symfony\\Component\\Console\\Output\\ConsoleOutput))
#23 {main}
"} 
[2024-07-09 08:13:11] local.ERROR: Pusher\Pusher::__construct(): Argument #1 ($auth_key) must be of type string, null given, called in C:\Users\Aasif\Desktop\OnlineStore\vendor\laravel\framework\src\Illuminate\Broadcasting\BroadcastManager.php on line 295 {"exception":"[object] (TypeError(code: 0): Pusher\\Pusher::__construct(): Argument #1 ($auth_key) must be of type string, null given, called in C:\\Users\\Aasif\\Desktop\\OnlineStore\\vendor\\laravel\\framework\\src\\Illuminate\\Broadcasting\\BroadcastManager.php on line 295 at C:\\Users\\Aasif\\Desktop\\OnlineStore\\vendor\\pusher\\pusher-php-server\\src\\Pusher.php:63)
[stacktrace]
#0 C:\\Users\\Aasif\\Desktop\\OnlineStore\\vendor\\laravel\\framework\\src\\Illuminate\\Broadcasting\\BroadcastManager.php(295): Pusher\\Pusher->__construct(NULL, NULL, NULL, Array, NULL)
#1 C:\\Users\\Aasif\\Desktop\\OnlineStore\\vendor\\laravel\\framework\\src\\Illuminate\\Broadcasting\\BroadcastManager.php(284): Illuminate\\Broadcasting\\BroadcastManager->pusher(Array)
#2 C:\\Users\\Aasif\\Desktop\\OnlineStore\\vendor\\laravel\\framework\\src\\Illuminate\\Broadcasting\\BroadcastManager.php(262): Illuminate\\Broadcasting\\BroadcastManager->createPusherDriver(Array)
#3 C:\\Users\\Aasif\\Desktop\\OnlineStore\\vendor\\laravel\\framework\\src\\Illuminate\\Broadcasting\\BroadcastManager.php(233): Illuminate\\Broadcasting\\BroadcastManager->resolve('pusher')
#4 C:\\Users\\Aasif\\Desktop\\OnlineStore\\vendor\\laravel\\framework\\src\\Illuminate\\Broadcasting\\BroadcastManager.php(222): Illuminate\\Broadcasting\\BroadcastManager->get('pusher')
#5 C:\\Users\\Aasif\\Desktop\\OnlineStore\\vendor\\laravel\\framework\\src\\Illuminate\\Broadcasting\\BroadcastManager.php(479): Illuminate\\Broadcasting\\BroadcastManager->driver()
#6 C:\\Users\\Aasif\\Desktop\\OnlineStore\\vendor\\laravel\\framework\\src\\Illuminate\\Support\\Facades\\Facade.php(338): Illuminate\\Broadcasting\\BroadcastManager->__call('channel', Array)
#7 C:\\Users\\Aasif\\Desktop\\OnlineStore\\routes\\channels.php(4): Illuminate\\Support\\Facades\\Facade::__callStatic('channel', Array)
#8 C:\\Users\\Aasif\\Desktop\\OnlineStore\\app\\Providers\\BroadcastServiceProvider.php(19): require('C:\\\\Users\\\\Aasif\\\\...')
#9 C:\\Users\\Aasif\\Desktop\\OnlineStore\\vendor\\laravel\\framework\\src\\Illuminate\\Container\\BoundMethod.php(36): App\\Providers\\BroadcastServiceProvider->boot()
#10 C:\\Users\\Aasif\\Desktop\\OnlineStore\\vendor\\laravel\\framework\\src\\Illuminate\\Container\\Util.php(41): Illuminate\\Container\\BoundMethod::Illuminate\\Container\\{closure}()
#11 C:\\Users\\Aasif\\Desktop\\OnlineStore\\vendor\\laravel\\framework\\src\\Illuminate\\Container\\BoundMethod.php(93): Illuminate\\Container\\Util::unwrapIfClosure(Object(Closure))
#12 C:\\Users\\Aasif\\Desktop\\OnlineStore\\vendor\\laravel\\framework\\src\\Illuminate\\Container\\BoundMethod.php(35): Illuminate\\Container\\BoundMethod::callBoundMethod(Object(Illuminate\\Foundation\\Application), Array, Object(Closure))
#13 C:\\Users\\Aasif\\Desktop\\OnlineStore\\vendor\\laravel\\framework\\src\\Illuminate\\Container\\Container.php(661): Illuminate\\Container\\BoundMethod::call(Object(Illuminate\\Foundation\\Application), Array, Array, NULL)
#14 C:\\Users\\Aasif\\Desktop\\OnlineStore\\vendor\\laravel\\framework\\src\\Illuminate\\Foundation\\Application.php(929): Illuminate\\Container\\Container->call(Array)
#15 C:\\Users\\Aasif\\Desktop\\OnlineStore\\vendor\\laravel\\framework\\src\\Illuminate\\Foundation\\Application.php(910): Illuminate\\Foundation\\Application->bootProvider(Object(App\\Providers\\BroadcastServiceProvider))
#16 [internal function]: Illuminate\\Foundation\\Application->Illuminate\\Foundation\\{closure}(Object(App\\Providers\\BroadcastServiceProvider), 39)
#17 C:\\Users\\Aasif\\Desktop\\OnlineStore\\vendor\\laravel\\framework\\src\\Illuminate\\Foundation\\Application.php(909): array_walk(Array, Object(Closure))
#18 C:\\Users\\Aasif\\Desktop\\OnlineStore\\vendor\\laravel\\framework\\src\\Illuminate\\Foundation\\Bootstrap\\BootProviders.php(17): Illuminate\\Foundation\\Application->boot()
#19 C:\\Users\\Aasif\\Desktop\\OnlineStore\\vendor\\laravel\\framework\\src\\Illuminate\\Foundation\\Application.php(242): Illuminate\\Foundation\\Bootstrap\\BootProviders->bootstrap(Object(Illuminate\\Foundation\\Application))
#20 C:\\Users\\Aasif\\Desktop\\OnlineStore\\vendor\\laravel\\framework\\src\\Illuminate\\Foundation\\Console\\Kernel.php(383): Illuminate\\Foundation\\Application->bootstrapWith(Array)
#21 C:\\Users\\Aasif\\Desktop\\OnlineStore\\vendor\\laravel\\framework\\src\\Illuminate\\Foundation\\Console\\Kernel.php(153): Illuminate\\Foundation\\Console\\Kernel->bootstrap()
#22 Command line code(1): Illuminate\\Foundation\\Console\\Kernel->handle(Object(Symfony\\Component\\Console\\Input\\ArgvInput), Object(Symfony\\Component\\Console\\Output\\ConsoleOutput))
#23 {main}
"} 
[2024-07-09 08:13:12] local.ERROR: Pusher\Pusher::__construct(): Argument #1 ($auth_key) must be of type string, null given, called in C:\Users\Aasif\Desktop\OnlineStore\vendor\laravel\framework\src\Illuminate\Broadcasting\BroadcastManager.php on line 295 {"exception":"[object] (TypeError(code: 0): Pusher\\Pusher::__construct(): Argument #1 ($auth_key) must be of type string, null given, called in C:\\Users\\Aasif\\Desktop\\OnlineStore\\vendor\\laravel\\framework\\src\\Illuminate\\Broadcasting\\BroadcastManager.php on line 295 at C:\\Users\\Aasif\\Desktop\\OnlineStore\\vendor\\pusher\\pusher-php-server\\src\\Pusher.php:63)
[stacktrace]
#0 C:\\Users\\Aasif\\Desktop\\OnlineStore\\vendor\\laravel\\framework\\src\\Illuminate\\Broadcasting\\BroadcastManager.php(295): Pusher\\Pusher->__construct(NULL, NULL, NULL, Array, NULL)
#1 C:\\Users\\Aasif\\Desktop\\OnlineStore\\vendor\\laravel\\framework\\src\\Illuminate\\Broadcasting\\BroadcastManager.php(284): Illuminate\\Broadcasting\\BroadcastManager->pusher(Array)
#2 C:\\Users\\Aasif\\Desktop\\OnlineStore\\vendor\\laravel\\framework\\src\\Illuminate\\Broadcasting\\BroadcastManager.php(262): Illuminate\\Broadcasting\\BroadcastManager->createPusherDriver(Array)
#3 C:\\Users\\Aasif\\Desktop\\OnlineStore\\vendor\\laravel\\framework\\src\\Illuminate\\Broadcasting\\BroadcastManager.php(233): Illuminate\\Broadcasting\\BroadcastManager->resolve('pusher')
#4 C:\\Users\\Aasif\\Desktop\\OnlineStore\\vendor\\laravel\\framework\\src\\Illuminate\\Broadcasting\\BroadcastManager.php(222): Illuminate\\Broadcasting\\BroadcastManager->get('pusher')
#5 C:\\Users\\Aasif\\Desktop\\OnlineStore\\vendor\\laravel\\framework\\src\\Illuminate\\Broadcasting\\BroadcastManager.php(479): Illuminate\\Broadcasting\\BroadcastManager->driver()
#6 C:\\Users\\Aasif\\Desktop\\OnlineStore\\vendor\\laravel\\framework\\src\\Illuminate\\Support\\Facades\\Facade.php(338): Illuminate\\Broadcasting\\BroadcastManager->__call('channel', Array)
#7 C:\\Users\\Aasif\\Desktop\\OnlineStore\\routes\\channels.php(4): Illuminate\\Support\\Facades\\Facade::__callStatic('channel', Array)
#8 C:\\Users\\Aasif\\Desktop\\OnlineStore\\app\\Providers\\BroadcastServiceProvider.php(19): require('C:\\\\Users\\\\Aasif\\\\...')
#9 C:\\Users\\Aasif\\Desktop\\OnlineStore\\vendor\\laravel\\framework\\src\\Illuminate\\Container\\BoundMethod.php(36): App\\Providers\\BroadcastServiceProvider->boot()
#10 C:\\Users\\Aasif\\Desktop\\OnlineStore\\vendor\\laravel\\framework\\src\\Illuminate\\Container\\Util.php(41): Illuminate\\Container\\BoundMethod::Illuminate\\Container\\{closure}()
#11 C:\\Users\\Aasif\\Desktop\\OnlineStore\\vendor\\laravel\\framework\\src\\Illuminate\\Container\\BoundMethod.php(93): Illuminate\\Container\\Util::unwrapIfClosure(Object(Closure))
#12 C:\\Users\\Aasif\\Desktop\\OnlineStore\\vendor\\laravel\\framework\\src\\Illuminate\\Container\\BoundMethod.php(35): Illuminate\\Container\\BoundMethod::callBoundMethod(Object(Illuminate\\Foundation\\Application), Array, Object(Closure))
#13 C:\\Users\\Aasif\\Desktop\\OnlineStore\\vendor\\laravel\\framework\\src\\Illuminate\\Container\\Container.php(661): Illuminate\\Container\\BoundMethod::call(Object(Illuminate\\Foundation\\Application), Array, Array, NULL)
#14 C:\\Users\\Aasif\\Desktop\\OnlineStore\\vendor\\laravel\\framework\\src\\Illuminate\\Foundation\\Application.php(929): Illuminate\\Container\\Container->call(Array)
#15 C:\\Users\\Aasif\\Desktop\\OnlineStore\\vendor\\laravel\\framework\\src\\Illuminate\\Foundation\\Application.php(910): Illuminate\\Foundation\\Application->bootProvider(Object(App\\Providers\\BroadcastServiceProvider))
#16 [internal function]: Illuminate\\Foundation\\Application->Illuminate\\Foundation\\{closure}(Object(App\\Providers\\BroadcastServiceProvider), 39)
#17 C:\\Users\\Aasif\\Desktop\\OnlineStore\\vendor\\laravel\\framework\\src\\Illuminate\\Foundation\\Application.php(909): array_walk(Array, Object(Closure))
#18 C:\\Users\\Aasif\\Desktop\\OnlineStore\\vendor\\laravel\\framework\\src\\Illuminate\\Foundation\\Bootstrap\\BootProviders.php(17): Illuminate\\Foundation\\Application->boot()
#19 C:\\Users\\Aasif\\Desktop\\OnlineStore\\vendor\\laravel\\framework\\src\\Illuminate\\Foundation\\Application.php(242): Illuminate\\Foundation\\Bootstrap\\BootProviders->bootstrap(Object(Illuminate\\Foundation\\Application))
#20 C:\\Users\\Aasif\\Desktop\\OnlineStore\\vendor\\laravel\\framework\\src\\Illuminate\\Foundation\\Console\\Kernel.php(383): Illuminate\\Foundation\\Application->bootstrapWith(Array)
#21 C:\\Users\\Aasif\\Desktop\\OnlineStore\\vendor\\laravel\\framework\\src\\Illuminate\\Foundation\\Console\\Kernel.php(153): Illuminate\\Foundation\\Console\\Kernel->bootstrap()
#22 Command line code(1): Illuminate\\Foundation\\Console\\Kernel->handle(Object(Symfony\\Component\\Console\\Input\\ArgvInput), Object(Symfony\\Component\\Console\\Output\\ConsoleOutput))
#23 {main}
"} 
[2024-07-09 08:13:12] local.ERROR: Pusher\Pusher::__construct(): Argument #1 ($auth_key) must be of type string, null given, called in C:\Users\Aasif\Desktop\OnlineStore\vendor\laravel\framework\src\Illuminate\Broadcasting\BroadcastManager.php on line 295 {"exception":"[object] (TypeError(code: 0): Pusher\\Pusher::__construct(): Argument #1 ($auth_key) must be of type string, null given, called in C:\\Users\\Aasif\\Desktop\\OnlineStore\\vendor\\laravel\\framework\\src\\Illuminate\\Broadcasting\\BroadcastManager.php on line 295 at C:\\Users\\Aasif\\Desktop\\OnlineStore\\vendor\\pusher\\pusher-php-server\\src\\Pusher.php:63)
[stacktrace]
#0 C:\\Users\\Aasif\\Desktop\\OnlineStore\\vendor\\laravel\\framework\\src\\Illuminate\\Broadcasting\\BroadcastManager.php(295): Pusher\\Pusher->__construct(NULL, NULL, NULL, Array, NULL)
#1 C:\\Users\\Aasif\\Desktop\\OnlineStore\\vendor\\laravel\\framework\\src\\Illuminate\\Broadcasting\\BroadcastManager.php(284): Illuminate\\Broadcasting\\BroadcastManager->pusher(Array)
#2 C:\\Users\\Aasif\\Desktop\\OnlineStore\\vendor\\laravel\\framework\\src\\Illuminate\\Broadcasting\\BroadcastManager.php(262): Illuminate\\Broadcasting\\BroadcastManager->createPusherDriver(Array)
#3 C:\\Users\\Aasif\\Desktop\\OnlineStore\\vendor\\laravel\\framework\\src\\Illuminate\\Broadcasting\\BroadcastManager.php(233): Illuminate\\Broadcasting\\BroadcastManager->resolve('pusher')
#4 C:\\Users\\Aasif\\Desktop\\OnlineStore\\vendor\\laravel\\framework\\src\\Illuminate\\Broadcasting\\BroadcastManager.php(222): Illuminate\\Broadcasting\\BroadcastManager->get('pusher')
#5 C:\\Users\\Aasif\\Desktop\\OnlineStore\\vendor\\laravel\\framework\\src\\Illuminate\\Broadcasting\\BroadcastManager.php(479): Illuminate\\Broadcasting\\BroadcastManager->driver()
#6 C:\\Users\\Aasif\\Desktop\\OnlineStore\\vendor\\laravel\\framework\\src\\Illuminate\\Support\\Facades\\Facade.php(338): Illuminate\\Broadcasting\\BroadcastManager->__call('channel', Array)
#7 C:\\Users\\Aasif\\Desktop\\OnlineStore\\routes\\channels.php(4): Illuminate\\Support\\Facades\\Facade::__callStatic('channel', Array)
#8 C:\\Users\\Aasif\\Desktop\\OnlineStore\\app\\Providers\\BroadcastServiceProvider.php(19): require('C:\\\\Users\\\\Aasif\\\\...')
#9 C:\\Users\\Aasif\\Desktop\\OnlineStore\\vendor\\laravel\\framework\\src\\Illuminate\\Container\\BoundMethod.php(36): App\\Providers\\BroadcastServiceProvider->boot()
#10 C:\\Users\\Aasif\\Desktop\\OnlineStore\\vendor\\laravel\\framework\\src\\Illuminate\\Container\\Util.php(41): Illuminate\\Container\\BoundMethod::Illuminate\\Container\\{closure}()
#11 C:\\Users\\Aasif\\Desktop\\OnlineStore\\vendor\\laravel\\framework\\src\\Illuminate\\Container\\BoundMethod.php(93): Illuminate\\Container\\Util::unwrapIfClosure(Object(Closure))
#12 C:\\Users\\Aasif\\Desktop\\OnlineStore\\vendor\\laravel\\framework\\src\\Illuminate\\Container\\BoundMethod.php(35): Illuminate\\Container\\BoundMethod::callBoundMethod(Object(Illuminate\\Foundation\\Application), Array, Object(Closure))
#13 C:\\Users\\Aasif\\Desktop\\OnlineStore\\vendor\\laravel\\framework\\src\\Illuminate\\Container\\Container.php(661): Illuminate\\Container\\BoundMethod::call(Object(Illuminate\\Foundation\\Application), Array, Array, NULL)
#14 C:\\Users\\Aasif\\Desktop\\OnlineStore\\vendor\\laravel\\framework\\src\\Illuminate\\Foundation\\Application.php(929): Illuminate\\Container\\Container->call(Array)
#15 C:\\Users\\Aasif\\Desktop\\OnlineStore\\vendor\\laravel\\framework\\src\\Illuminate\\Foundation\\Application.php(910): Illuminate\\Foundation\\Application->bootProvider(Object(App\\Providers\\BroadcastServiceProvider))
#16 [internal function]: Illuminate\\Foundation\\Application->Illuminate\\Foundation\\{closure}(Object(App\\Providers\\BroadcastServiceProvider), 39)
#17 C:\\Users\\Aasif\\Desktop\\OnlineStore\\vendor\\laravel\\framework\\src\\Illuminate\\Foundation\\Application.php(909): array_walk(Array, Object(Closure))
#18 C:\\Users\\Aasif\\Desktop\\OnlineStore\\vendor\\laravel\\framework\\src\\Illuminate\\Foundation\\Bootstrap\\BootProviders.php(17): Illuminate\\Foundation\\Application->boot()
#19 C:\\Users\\Aasif\\Desktop\\OnlineStore\\vendor\\laravel\\framework\\src\\Illuminate\\Foundation\\Application.php(242): Illuminate\\Foundation\\Bootstrap\\BootProviders->bootstrap(Object(Illuminate\\Foundation\\Application))
#20 C:\\Users\\Aasif\\Desktop\\OnlineStore\\vendor\\laravel\\framework\\src\\Illuminate\\Foundation\\Console\\Kernel.php(383): Illuminate\\Foundation\\Application->bootstrapWith(Array)
#21 C:\\Users\\Aasif\\Desktop\\OnlineStore\\vendor\\laravel\\framework\\src\\Illuminate\\Foundation\\Console\\Kernel.php(153): Illuminate\\Foundation\\Console\\Kernel->bootstrap()
#22 Command line code(1): Illuminate\\Foundation\\Console\\Kernel->handle(Object(Symfony\\Component\\Console\\Input\\ArgvInput), Object(Symfony\\Component\\Console\\Output\\ConsoleOutput))
#23 {main}
"} 
[2024-07-09 08:13:12] local.ERROR: Pusher\Pusher::__construct(): Argument #1 ($auth_key) must be of type string, null given, called in C:\Users\Aasif\Desktop\OnlineStore\vendor\laravel\framework\src\Illuminate\Broadcasting\BroadcastManager.php on line 295 {"exception":"[object] (TypeError(code: 0): Pusher\\Pusher::__construct(): Argument #1 ($auth_key) must be of type string, null given, called in C:\\Users\\Aasif\\Desktop\\OnlineStore\\vendor\\laravel\\framework\\src\\Illuminate\\Broadcasting\\BroadcastManager.php on line 295 at C:\\Users\\Aasif\\Desktop\\OnlineStore\\vendor\\pusher\\pusher-php-server\\src\\Pusher.php:63)
[stacktrace]
#0 C:\\Users\\Aasif\\Desktop\\OnlineStore\\vendor\\laravel\\framework\\src\\Illuminate\\Broadcasting\\BroadcastManager.php(295): Pusher\\Pusher->__construct(NULL, NULL, NULL, Array, NULL)
#1 C:\\Users\\Aasif\\Desktop\\OnlineStore\\vendor\\laravel\\framework\\src\\Illuminate\\Broadcasting\\BroadcastManager.php(284): Illuminate\\Broadcasting\\BroadcastManager->pusher(Array)
#2 C:\\Users\\Aasif\\Desktop\\OnlineStore\\vendor\\laravel\\framework\\src\\Illuminate\\Broadcasting\\BroadcastManager.php(262): Illuminate\\Broadcasting\\BroadcastManager->createPusherDriver(Array)
#3 C:\\Users\\Aasif\\Desktop\\OnlineStore\\vendor\\laravel\\framework\\src\\Illuminate\\Broadcasting\\BroadcastManager.php(233): Illuminate\\Broadcasting\\BroadcastManager->resolve('pusher')
#4 C:\\Users\\Aasif\\Desktop\\OnlineStore\\vendor\\laravel\\framework\\src\\Illuminate\\Broadcasting\\BroadcastManager.php(222): Illuminate\\Broadcasting\\BroadcastManager->get('pusher')
#5 C:\\Users\\Aasif\\Desktop\\OnlineStore\\vendor\\laravel\\framework\\src\\Illuminate\\Broadcasting\\BroadcastManager.php(479): Illuminate\\Broadcasting\\BroadcastManager->driver()
#6 C:\\Users\\Aasif\\Desktop\\OnlineStore\\vendor\\laravel\\framework\\src\\Illuminate\\Support\\Facades\\Facade.php(338): Illuminate\\Broadcasting\\BroadcastManager->__call('channel', Array)
#7 C:\\Users\\Aasif\\Desktop\\OnlineStore\\routes\\channels.php(4): Illuminate\\Support\\Facades\\Facade::__callStatic('channel', Array)
#8 C:\\Users\\Aasif\\Desktop\\OnlineStore\\app\\Providers\\BroadcastServiceProvider.php(19): require('C:\\\\Users\\\\Aasif\\\\...')
#9 C:\\Users\\Aasif\\Desktop\\OnlineStore\\vendor\\laravel\\framework\\src\\Illuminate\\Container\\BoundMethod.php(36): App\\Providers\\BroadcastServiceProvider->boot()
#10 C:\\Users\\Aasif\\Desktop\\OnlineStore\\vendor\\laravel\\framework\\src\\Illuminate\\Container\\Util.php(41): Illuminate\\Container\\BoundMethod::Illuminate\\Container\\{closure}()
#11 C:\\Users\\Aasif\\Desktop\\OnlineStore\\vendor\\laravel\\framework\\src\\Illuminate\\Container\\BoundMethod.php(93): Illuminate\\Container\\Util::unwrapIfClosure(Object(Closure))
#12 C:\\Users\\Aasif\\Desktop\\OnlineStore\\vendor\\laravel\\framework\\src\\Illuminate\\Container\\BoundMethod.php(35): Illuminate\\Container\\BoundMethod::callBoundMethod(Object(Illuminate\\Foundation\\Application), Array, Object(Closure))
#13 C:\\Users\\Aasif\\Desktop\\OnlineStore\\vendor\\laravel\\framework\\src\\Illuminate\\Container\\Container.php(661): Illuminate\\Container\\BoundMethod::call(Object(Illuminate\\Foundation\\Application), Array, Array, NULL)
#14 C:\\Users\\Aasif\\Desktop\\OnlineStore\\vendor\\laravel\\framework\\src\\Illuminate\\Foundation\\Application.php(929): Illuminate\\Container\\Container->call(Array)
#15 C:\\Users\\Aasif\\Desktop\\OnlineStore\\vendor\\laravel\\framework\\src\\Illuminate\\Foundation\\Application.php(910): Illuminate\\Foundation\\Application->bootProvider(Object(App\\Providers\\BroadcastServiceProvider))
#16 [internal function]: Illuminate\\Foundation\\Application->Illuminate\\Foundation\\{closure}(Object(App\\Providers\\BroadcastServiceProvider), 39)
#17 C:\\Users\\Aasif\\Desktop\\OnlineStore\\vendor\\laravel\\framework\\src\\Illuminate\\Foundation\\Application.php(909): array_walk(Array, Object(Closure))
#18 C:\\Users\\Aasif\\Desktop\\OnlineStore\\vendor\\laravel\\framework\\src\\Illuminate\\Foundation\\Bootstrap\\BootProviders.php(17): Illuminate\\Foundation\\Application->boot()
#19 C:\\Users\\Aasif\\Desktop\\OnlineStore\\vendor\\laravel\\framework\\src\\Illuminate\\Foundation\\Application.php(242): Illuminate\\Foundation\\Bootstrap\\BootProviders->bootstrap(Object(Illuminate\\Foundation\\Application))
#20 C:\\Users\\Aasif\\Desktop\\OnlineStore\\vendor\\laravel\\framework\\src\\Illuminate\\Foundation\\Console\\Kernel.php(383): Illuminate\\Foundation\\Application->bootstrapWith(Array)
#21 C:\\Users\\Aasif\\Desktop\\OnlineStore\\vendor\\laravel\\framework\\src\\Illuminate\\Foundation\\Console\\Kernel.php(153): Illuminate\\Foundation\\Console\\Kernel->bootstrap()
#22 Command line code(1): Illuminate\\Foundation\\Console\\Kernel->handle(Object(Symfony\\Component\\Console\\Input\\ArgvInput), Object(Symfony\\Component\\Console\\Output\\ConsoleOutput))
#23 {main}
"} 
[2024-07-09 08:13:13] local.ERROR: Pusher\Pusher::__construct(): Argument #1 ($auth_key) must be of type string, null given, called in C:\Users\Aasif\Desktop\OnlineStore\vendor\laravel\framework\src\Illuminate\Broadcasting\BroadcastManager.php on line 295 {"exception":"[object] (TypeError(code: 0): Pusher\\Pusher::__construct(): Argument #1 ($auth_key) must be of type string, null given, called in C:\\Users\\Aasif\\Desktop\\OnlineStore\\vendor\\laravel\\framework\\src\\Illuminate\\Broadcasting\\BroadcastManager.php on line 295 at C:\\Users\\Aasif\\Desktop\\OnlineStore\\vendor\\pusher\\pusher-php-server\\src\\Pusher.php:63)
[stacktrace]
#0 C:\\Users\\Aasif\\Desktop\\OnlineStore\\vendor\\laravel\\framework\\src\\Illuminate\\Broadcasting\\BroadcastManager.php(295): Pusher\\Pusher->__construct(NULL, NULL, NULL, Array, NULL)
#1 C:\\Users\\Aasif\\Desktop\\OnlineStore\\vendor\\laravel\\framework\\src\\Illuminate\\Broadcasting\\BroadcastManager.php(284): Illuminate\\Broadcasting\\BroadcastManager->pusher(Array)
#2 C:\\Users\\Aasif\\Desktop\\OnlineStore\\vendor\\laravel\\framework\\src\\Illuminate\\Broadcasting\\BroadcastManager.php(262): Illuminate\\Broadcasting\\BroadcastManager->createPusherDriver(Array)
#3 C:\\Users\\Aasif\\Desktop\\OnlineStore\\vendor\\laravel\\framework\\src\\Illuminate\\Broadcasting\\BroadcastManager.php(233): Illuminate\\Broadcasting\\BroadcastManager->resolve('pusher')
#4 C:\\Users\\Aasif\\Desktop\\OnlineStore\\vendor\\laravel\\framework\\src\\Illuminate\\Broadcasting\\BroadcastManager.php(222): Illuminate\\Broadcasting\\BroadcastManager->get('pusher')
#5 C:\\Users\\Aasif\\Desktop\\OnlineStore\\vendor\\laravel\\framework\\src\\Illuminate\\Broadcasting\\BroadcastManager.php(479): Illuminate\\Broadcasting\\BroadcastManager->driver()
#6 C:\\Users\\Aasif\\Desktop\\OnlineStore\\vendor\\laravel\\framework\\src\\Illuminate\\Support\\Facades\\Facade.php(338): Illuminate\\Broadcasting\\BroadcastManager->__call('channel', Array)
#7 C:\\Users\\Aasif\\Desktop\\OnlineStore\\routes\\channels.php(4): Illuminate\\Support\\Facades\\Facade::__callStatic('channel', Array)
#8 C:\\Users\\Aasif\\Desktop\\OnlineStore\\app\\Providers\\BroadcastServiceProvider.php(19): require('C:\\\\Users\\\\Aasif\\\\...')
#9 C:\\Users\\Aasif\\Desktop\\OnlineStore\\vendor\\laravel\\framework\\src\\Illuminate\\Container\\BoundMethod.php(36): App\\Providers\\BroadcastServiceProvider->boot()
#10 C:\\Users\\Aasif\\Desktop\\OnlineStore\\vendor\\laravel\\framework\\src\\Illuminate\\Container\\Util.php(41): Illuminate\\Container\\BoundMethod::Illuminate\\Container\\{closure}()
#11 C:\\Users\\Aasif\\Desktop\\OnlineStore\\vendor\\laravel\\framework\\src\\Illuminate\\Container\\BoundMethod.php(93): Illuminate\\Container\\Util::unwrapIfClosure(Object(Closure))
#12 C:\\Users\\Aasif\\Desktop\\OnlineStore\\vendor\\laravel\\framework\\src\\Illuminate\\Container\\BoundMethod.php(35): Illuminate\\Container\\BoundMethod::callBoundMethod(Object(Illuminate\\Foundation\\Application), Array, Object(Closure))
#13 C:\\Users\\Aasif\\Desktop\\OnlineStore\\vendor\\laravel\\framework\\src\\Illuminate\\Container\\Container.php(661): Illuminate\\Container\\BoundMethod::call(Object(Illuminate\\Foundation\\Application), Array, Array, NULL)
#14 C:\\Users\\Aasif\\Desktop\\OnlineStore\\vendor\\laravel\\framework\\src\\Illuminate\\Foundation\\Application.php(929): Illuminate\\Container\\Container->call(Array)
#15 C:\\Users\\Aasif\\Desktop\\OnlineStore\\vendor\\laravel\\framework\\src\\Illuminate\\Foundation\\Application.php(910): Illuminate\\Foundation\\Application->bootProvider(Object(App\\Providers\\BroadcastServiceProvider))
#16 [internal function]: Illuminate\\Foundation\\Application->Illuminate\\Foundation\\{closure}(Object(App\\Providers\\BroadcastServiceProvider), 39)
#17 C:\\Users\\Aasif\\Desktop\\OnlineStore\\vendor\\laravel\\framework\\src\\Illuminate\\Foundation\\Application.php(909): array_walk(Array, Object(Closure))
#18 C:\\Users\\Aasif\\Desktop\\OnlineStore\\vendor\\laravel\\framework\\src\\Illuminate\\Foundation\\Bootstrap\\BootProviders.php(17): Illuminate\\Foundation\\Application->boot()
#19 C:\\Users\\Aasif\\Desktop\\OnlineStore\\vendor\\laravel\\framework\\src\\Illuminate\\Foundation\\Application.php(242): Illuminate\\Foundation\\Bootstrap\\BootProviders->bootstrap(Object(Illuminate\\Foundation\\Application))
#20 C:\\Users\\Aasif\\Desktop\\OnlineStore\\vendor\\laravel\\framework\\src\\Illuminate\\Foundation\\Console\\Kernel.php(383): Illuminate\\Foundation\\Application->bootstrapWith(Array)
#21 C:\\Users\\Aasif\\Desktop\\OnlineStore\\vendor\\laravel\\framework\\src\\Illuminate\\Foundation\\Console\\Kernel.php(153): Illuminate\\Foundation\\Console\\Kernel->bootstrap()
#22 Command line code(1): Illuminate\\Foundation\\Console\\Kernel->handle(Object(Symfony\\Component\\Console\\Input\\ArgvInput), Object(Symfony\\Component\\Console\\Output\\ConsoleOutput))
#23 {main}
"} 
[2024-07-09 08:13:15] local.ERROR: Pusher\Pusher::__construct(): Argument #1 ($auth_key) must be of type string, null given, called in C:\Users\Aasif\Desktop\OnlineStore\vendor\laravel\framework\src\Illuminate\Broadcasting\BroadcastManager.php on line 295 {"exception":"[object] (TypeError(code: 0): Pusher\\Pusher::__construct(): Argument #1 ($auth_key) must be of type string, null given, called in C:\\Users\\Aasif\\Desktop\\OnlineStore\\vendor\\laravel\\framework\\src\\Illuminate\\Broadcasting\\BroadcastManager.php on line 295 at C:\\Users\\Aasif\\Desktop\\OnlineStore\\vendor\\pusher\\pusher-php-server\\src\\Pusher.php:63)
[stacktrace]
#0 C:\\Users\\Aasif\\Desktop\\OnlineStore\\vendor\\laravel\\framework\\src\\Illuminate\\Broadcasting\\BroadcastManager.php(295): Pusher\\Pusher->__construct(NULL, NULL, NULL, Array, NULL)
#1 C:\\Users\\Aasif\\Desktop\\OnlineStore\\vendor\\laravel\\framework\\src\\Illuminate\\Broadcasting\\BroadcastManager.php(284): Illuminate\\Broadcasting\\BroadcastManager->pusher(Array)
#2 C:\\Users\\Aasif\\Desktop\\OnlineStore\\vendor\\laravel\\framework\\src\\Illuminate\\Broadcasting\\BroadcastManager.php(262): Illuminate\\Broadcasting\\BroadcastManager->createPusherDriver(Array)
#3 C:\\Users\\Aasif\\Desktop\\OnlineStore\\vendor\\laravel\\framework\\src\\Illuminate\\Broadcasting\\BroadcastManager.php(233): Illuminate\\Broadcasting\\BroadcastManager->resolve('pusher')
#4 C:\\Users\\Aasif\\Desktop\\OnlineStore\\vendor\\laravel\\framework\\src\\Illuminate\\Broadcasting\\BroadcastManager.php(222): Illuminate\\Broadcasting\\BroadcastManager->get('pusher')
#5 C:\\Users\\Aasif\\Desktop\\OnlineStore\\vendor\\laravel\\framework\\src\\Illuminate\\Broadcasting\\BroadcastManager.php(479): Illuminate\\Broadcasting\\BroadcastManager->driver()
#6 C:\\Users\\Aasif\\Desktop\\OnlineStore\\vendor\\laravel\\framework\\src\\Illuminate\\Support\\Facades\\Facade.php(338): Illuminate\\Broadcasting\\BroadcastManager->__call('channel', Array)
#7 C:\\Users\\Aasif\\Desktop\\OnlineStore\\routes\\channels.php(4): Illuminate\\Support\\Facades\\Facade::__callStatic('channel', Array)
#8 C:\\Users\\Aasif\\Desktop\\OnlineStore\\app\\Providers\\BroadcastServiceProvider.php(19): require('C:\\\\Users\\\\Aasif\\\\...')
#9 C:\\Users\\Aasif\\Desktop\\OnlineStore\\vendor\\laravel\\framework\\src\\Illuminate\\Container\\BoundMethod.php(36): App\\Providers\\BroadcastServiceProvider->boot()
#10 C:\\Users\\Aasif\\Desktop\\OnlineStore\\vendor\\laravel\\framework\\src\\Illuminate\\Container\\Util.php(41): Illuminate\\Container\\BoundMethod::Illuminate\\Container\\{closure}()
#11 C:\\Users\\Aasif\\Desktop\\OnlineStore\\vendor\\laravel\\framework\\src\\Illuminate\\Container\\BoundMethod.php(93): Illuminate\\Container\\Util::unwrapIfClosure(Object(Closure))
#12 C:\\Users\\Aasif\\Desktop\\OnlineStore\\vendor\\laravel\\framework\\src\\Illuminate\\Container\\BoundMethod.php(35): Illuminate\\Container\\BoundMethod::callBoundMethod(Object(Illuminate\\Foundation\\Application), Array, Object(Closure))
#13 C:\\Users\\Aasif\\Desktop\\OnlineStore\\vendor\\laravel\\framework\\src\\Illuminate\\Container\\Container.php(661): Illuminate\\Container\\BoundMethod::call(Object(Illuminate\\Foundation\\Application), Array, Array, NULL)
#14 C:\\Users\\Aasif\\Desktop\\OnlineStore\\vendor\\laravel\\framework\\src\\Illuminate\\Foundation\\Application.php(929): Illuminate\\Container\\Container->call(Array)
#15 C:\\Users\\Aasif\\Desktop\\OnlineStore\\vendor\\laravel\\framework\\src\\Illuminate\\Foundation\\Application.php(910): Illuminate\\Foundation\\Application->bootProvider(Object(App\\Providers\\BroadcastServiceProvider))
#16 [internal function]: Illuminate\\Foundation\\Application->Illuminate\\Foundation\\{closure}(Object(App\\Providers\\BroadcastServiceProvider), 39)
#17 C:\\Users\\Aasif\\Desktop\\OnlineStore\\vendor\\laravel\\framework\\src\\Illuminate\\Foundation\\Application.php(909): array_walk(Array, Object(Closure))
#18 C:\\Users\\Aasif\\Desktop\\OnlineStore\\vendor\\laravel\\framework\\src\\Illuminate\\Foundation\\Bootstrap\\BootProviders.php(17): Illuminate\\Foundation\\Application->boot()
#19 C:\\Users\\Aasif\\Desktop\\OnlineStore\\vendor\\laravel\\framework\\src\\Illuminate\\Foundation\\Application.php(242): Illuminate\\Foundation\\Bootstrap\\BootProviders->bootstrap(Object(Illuminate\\Foundation\\Application))
#20 C:\\Users\\Aasif\\Desktop\\OnlineStore\\vendor\\laravel\\framework\\src\\Illuminate\\Foundation\\Console\\Kernel.php(383): Illuminate\\Foundation\\Application->bootstrapWith(Array)
#21 C:\\Users\\Aasif\\Desktop\\OnlineStore\\vendor\\laravel\\framework\\src\\Illuminate\\Foundation\\Console\\Kernel.php(153): Illuminate\\Foundation\\Console\\Kernel->bootstrap()
#22 Command line code(1): Illuminate\\Foundation\\Console\\Kernel->handle(Object(Symfony\\Component\\Console\\Input\\ArgvInput), Object(Symfony\\Component\\Console\\Output\\ConsoleOutput))
#23 {main}
"} 
[2024-07-09 08:15:52] local.ERROR: Pusher\Pusher::__construct(): Argument #1 ($auth_key) must be of type string, null given, called in C:\Users\Aasif\Desktop\OnlineStore\vendor\laravel\framework\src\Illuminate\Broadcasting\BroadcastManager.php on line 295 {"exception":"[object] (TypeError(code: 0): Pusher\\Pusher::__construct(): Argument #1 ($auth_key) must be of type string, null given, called in C:\\Users\\Aasif\\Desktop\\OnlineStore\\vendor\\laravel\\framework\\src\\Illuminate\\Broadcasting\\BroadcastManager.php on line 295 at C:\\Users\\Aasif\\Desktop\\OnlineStore\\vendor\\pusher\\pusher-php-server\\src\\Pusher.php:63)
[stacktrace]
#0 C:\\Users\\Aasif\\Desktop\\OnlineStore\\vendor\\laravel\\framework\\src\\Illuminate\\Broadcasting\\BroadcastManager.php(295): Pusher\\Pusher->__construct(NULL, NULL, NULL, Array, NULL)
#1 C:\\Users\\Aasif\\Desktop\\OnlineStore\\vendor\\laravel\\framework\\src\\Illuminate\\Broadcasting\\BroadcastManager.php(284): Illuminate\\Broadcasting\\BroadcastManager->pusher(Array)
#2 C:\\Users\\Aasif\\Desktop\\OnlineStore\\vendor\\laravel\\framework\\src\\Illuminate\\Broadcasting\\BroadcastManager.php(262): Illuminate\\Broadcasting\\BroadcastManager->createPusherDriver(Array)
#3 C:\\Users\\Aasif\\Desktop\\OnlineStore\\vendor\\laravel\\framework\\src\\Illuminate\\Broadcasting\\BroadcastManager.php(233): Illuminate\\Broadcasting\\BroadcastManager->resolve('pusher')
#4 C:\\Users\\Aasif\\Desktop\\OnlineStore\\vendor\\laravel\\framework\\src\\Illuminate\\Broadcasting\\BroadcastManager.php(222): Illuminate\\Broadcasting\\BroadcastManager->get('pusher')
#5 C:\\Users\\Aasif\\Desktop\\OnlineStore\\vendor\\laravel\\framework\\src\\Illuminate\\Broadcasting\\BroadcastManager.php(479): Illuminate\\Broadcasting\\BroadcastManager->driver()
#6 C:\\Users\\Aasif\\Desktop\\OnlineStore\\vendor\\laravel\\framework\\src\\Illuminate\\Support\\Facades\\Facade.php(338): Illuminate\\Broadcasting\\BroadcastManager->__call('channel', Array)
#7 C:\\Users\\Aasif\\Desktop\\OnlineStore\\routes\\channels.php(4): Illuminate\\Support\\Facades\\Facade::__callStatic('channel', Array)
#8 C:\\Users\\Aasif\\Desktop\\OnlineStore\\app\\Providers\\BroadcastServiceProvider.php(19): require('C:\\\\Users\\\\Aasif\\\\...')
#9 C:\\Users\\Aasif\\Desktop\\OnlineStore\\vendor\\laravel\\framework\\src\\Illuminate\\Container\\BoundMethod.php(36): App\\Providers\\BroadcastServiceProvider->boot()
#10 C:\\Users\\Aasif\\Desktop\\OnlineStore\\vendor\\laravel\\framework\\src\\Illuminate\\Container\\Util.php(41): Illuminate\\Container\\BoundMethod::Illuminate\\Container\\{closure}()
#11 C:\\Users\\Aasif\\Desktop\\OnlineStore\\vendor\\laravel\\framework\\src\\Illuminate\\Container\\BoundMethod.php(93): Illuminate\\Container\\Util::unwrapIfClosure(Object(Closure))
#12 C:\\Users\\Aasif\\Desktop\\OnlineStore\\vendor\\laravel\\framework\\src\\Illuminate\\Container\\BoundMethod.php(35): Illuminate\\Container\\BoundMethod::callBoundMethod(Object(Illuminate\\Foundation\\Application), Array, Object(Closure))
#13 C:\\Users\\Aasif\\Desktop\\OnlineStore\\vendor\\laravel\\framework\\src\\Illuminate\\Container\\Container.php(661): Illuminate\\Container\\BoundMethod::call(Object(Illuminate\\Foundation\\Application), Array, Array, NULL)
#14 C:\\Users\\Aasif\\Desktop\\OnlineStore\\vendor\\laravel\\framework\\src\\Illuminate\\Foundation\\Application.php(929): Illuminate\\Container\\Container->call(Array)
#15 C:\\Users\\Aasif\\Desktop\\OnlineStore\\vendor\\laravel\\framework\\src\\Illuminate\\Foundation\\Application.php(910): Illuminate\\Foundation\\Application->bootProvider(Object(App\\Providers\\BroadcastServiceProvider))
#16 [internal function]: Illuminate\\Foundation\\Application->Illuminate\\Foundation\\{closure}(Object(App\\Providers\\BroadcastServiceProvider), 38)
#17 C:\\Users\\Aasif\\Desktop\\OnlineStore\\vendor\\laravel\\framework\\src\\Illuminate\\Foundation\\Application.php(909): array_walk(Array, Object(Closure))
#18 C:\\Users\\Aasif\\Desktop\\OnlineStore\\vendor\\laravel\\framework\\src\\Illuminate\\Foundation\\Bootstrap\\BootProviders.php(17): Illuminate\\Foundation\\Application->boot()
#19 C:\\Users\\Aasif\\Desktop\\OnlineStore\\vendor\\laravel\\framework\\src\\Illuminate\\Foundation\\Application.php(242): Illuminate\\Foundation\\Bootstrap\\BootProviders->bootstrap(Object(Illuminate\\Foundation\\Application))
#20 C:\\Users\\Aasif\\Desktop\\OnlineStore\\vendor\\laravel\\framework\\src\\Illuminate\\Foundation\\Console\\Kernel.php(383): Illuminate\\Foundation\\Application->bootstrapWith(Array)
#21 C:\\Users\\Aasif\\Desktop\\OnlineStore\\vendor\\laravel\\framework\\src\\Illuminate\\Foundation\\Console\\Kernel.php(153): Illuminate\\Foundation\\Console\\Kernel->bootstrap()
#22 C:\\Users\\Aasif\\Desktop\\OnlineStore\\artisan(35): Illuminate\\Foundation\\Console\\Kernel->handle(Object(Symfony\\Component\\Console\\Input\\ArgvInput), Object(Symfony\\Component\\Console\\Output\\ConsoleOutput))
#23 {main}
"} 
[2024-07-09 08:16:19] local.ERROR: Pusher\Pusher::__construct(): Argument #1 ($auth_key) must be of type string, null given, called in C:\Users\Aasif\Desktop\OnlineStore\vendor\laravel\framework\src\Illuminate\Broadcasting\BroadcastManager.php on line 295 {"exception":"[object] (TypeError(code: 0): Pusher\\Pusher::__construct(): Argument #1 ($auth_key) must be of type string, null given, called in C:\\Users\\Aasif\\Desktop\\OnlineStore\\vendor\\laravel\\framework\\src\\Illuminate\\Broadcasting\\BroadcastManager.php on line 295 at C:\\Users\\Aasif\\Desktop\\OnlineStore\\vendor\\pusher\\pusher-php-server\\src\\Pusher.php:63)
[stacktrace]
#0 C:\\Users\\Aasif\\Desktop\\OnlineStore\\vendor\\laravel\\framework\\src\\Illuminate\\Broadcasting\\BroadcastManager.php(295): Pusher\\Pusher->__construct(NULL, NULL, NULL, Array, NULL)
#1 C:\\Users\\Aasif\\Desktop\\OnlineStore\\vendor\\laravel\\framework\\src\\Illuminate\\Broadcasting\\BroadcastManager.php(284): Illuminate\\Broadcasting\\BroadcastManager->pusher(Array)
#2 C:\\Users\\Aasif\\Desktop\\OnlineStore\\vendor\\laravel\\framework\\src\\Illuminate\\Broadcasting\\BroadcastManager.php(262): Illuminate\\Broadcasting\\BroadcastManager->createPusherDriver(Array)
#3 C:\\Users\\Aasif\\Desktop\\OnlineStore\\vendor\\laravel\\framework\\src\\Illuminate\\Broadcasting\\BroadcastManager.php(233): Illuminate\\Broadcasting\\BroadcastManager->resolve('pusher')
#4 C:\\Users\\Aasif\\Desktop\\OnlineStore\\vendor\\laravel\\framework\\src\\Illuminate\\Broadcasting\\BroadcastManager.php(222): Illuminate\\Broadcasting\\BroadcastManager->get('pusher')
#5 C:\\Users\\Aasif\\Desktop\\OnlineStore\\vendor\\laravel\\framework\\src\\Illuminate\\Broadcasting\\BroadcastManager.php(479): Illuminate\\Broadcasting\\BroadcastManager->driver()
#6 C:\\Users\\Aasif\\Desktop\\OnlineStore\\vendor\\laravel\\framework\\src\\Illuminate\\Support\\Facades\\Facade.php(338): Illuminate\\Broadcasting\\BroadcastManager->__call('channel', Array)
#7 C:\\Users\\Aasif\\Desktop\\OnlineStore\\routes\\channels.php(4): Illuminate\\Support\\Facades\\Facade::__callStatic('channel', Array)
#8 C:\\Users\\Aasif\\Desktop\\OnlineStore\\app\\Providers\\BroadcastServiceProvider.php(19): require('C:\\\\Users\\\\Aasif\\\\...')
#9 C:\\Users\\Aasif\\Desktop\\OnlineStore\\vendor\\laravel\\framework\\src\\Illuminate\\Container\\BoundMethod.php(36): App\\Providers\\BroadcastServiceProvider->boot()
#10 C:\\Users\\Aasif\\Desktop\\OnlineStore\\vendor\\laravel\\framework\\src\\Illuminate\\Container\\Util.php(41): Illuminate\\Container\\BoundMethod::Illuminate\\Container\\{closure}()
#11 C:\\Users\\Aasif\\Desktop\\OnlineStore\\vendor\\laravel\\framework\\src\\Illuminate\\Container\\BoundMethod.php(93): Illuminate\\Container\\Util::unwrapIfClosure(Object(Closure))
#12 C:\\Users\\Aasif\\Desktop\\OnlineStore\\vendor\\laravel\\framework\\src\\Illuminate\\Container\\BoundMethod.php(35): Illuminate\\Container\\BoundMethod::callBoundMethod(Object(Illuminate\\Foundation\\Application), Array, Object(Closure))
#13 C:\\Users\\Aasif\\Desktop\\OnlineStore\\vendor\\laravel\\framework\\src\\Illuminate\\Container\\Container.php(661): Illuminate\\Container\\BoundMethod::call(Object(Illuminate\\Foundation\\Application), Array, Array, NULL)
#14 C:\\Users\\Aasif\\Desktop\\OnlineStore\\vendor\\laravel\\framework\\src\\Illuminate\\Foundation\\Application.php(929): Illuminate\\Container\\Container->call(Array)
#15 C:\\Users\\Aasif\\Desktop\\OnlineStore\\vendor\\laravel\\framework\\src\\Illuminate\\Foundation\\Application.php(910): Illuminate\\Foundation\\Application->bootProvider(Object(App\\Providers\\BroadcastServiceProvider))
#16 [internal function]: Illuminate\\Foundation\\Application->Illuminate\\Foundation\\{closure}(Object(App\\Providers\\BroadcastServiceProvider), 38)
#17 C:\\Users\\Aasif\\Desktop\\OnlineStore\\vendor\\laravel\\framework\\src\\Illuminate\\Foundation\\Application.php(909): array_walk(Array, Object(Closure))
#18 C:\\Users\\Aasif\\Desktop\\OnlineStore\\vendor\\laravel\\framework\\src\\Illuminate\\Foundation\\Bootstrap\\BootProviders.php(17): Illuminate\\Foundation\\Application->boot()
#19 C:\\Users\\Aasif\\Desktop\\OnlineStore\\vendor\\laravel\\framework\\src\\Illuminate\\Foundation\\Application.php(242): Illuminate\\Foundation\\Bootstrap\\BootProviders->bootstrap(Object(Illuminate\\Foundation\\Application))
#20 C:\\Users\\Aasif\\Desktop\\OnlineStore\\vendor\\laravel\\framework\\src\\Illuminate\\Foundation\\Console\\Kernel.php(383): Illuminate\\Foundation\\Application->bootstrapWith(Array)
#21 C:\\Users\\Aasif\\Desktop\\OnlineStore\\vendor\\laravel\\framework\\src\\Illuminate\\Foundation\\Console\\Kernel.php(153): Illuminate\\Foundation\\Console\\Kernel->bootstrap()
#22 C:\\Users\\Aasif\\Desktop\\OnlineStore\\artisan(35): Illuminate\\Foundation\\Console\\Kernel->handle(Object(Symfony\\Component\\Console\\Input\\ArgvInput), Object(Symfony\\Component\\Console\\Output\\ConsoleOutput))
#23 {main}
"} 
[2024-07-09 08:32:04] local.ERROR: Undefined array key "productId" {"exception":"[object] (ErrorException(code: 0): Undefined array key \"productId\" at C:\\Users\\Aasif\\Desktop\\OnlineStore\\app\\Http\\Controllers\\ScreenTimeController.php:93)
[stacktrace]
#0 C:\\Users\\Aasif\\Desktop\\OnlineStore\\vendor\\laravel\\framework\\src\\Illuminate\\Foundation\\Bootstrap\\HandleExceptions.php(270): Illuminate\\Foundation\\Bootstrap\\HandleExceptions->handleError(2, 'Undefined array...', 'C:\\\\Users\\\\Aasif\\\\...', 93)
#1 C:\\Users\\Aasif\\Desktop\\OnlineStore\\app\\Http\\Controllers\\ScreenTimeController.php(93): Illuminate\\Foundation\\Bootstrap\\HandleExceptions->Illuminate\\Foundation\\Bootstrap\\{closure}(2, 'Undefined array...', 'C:\\\\Users\\\\Aasif\\\\...', 93)
#2 C:\\Users\\Aasif\\Desktop\\OnlineStore\\vendor\\laravel\\framework\\src\\Illuminate\\Routing\\Controller.php(54): App\\Http\\Controllers\\ScreenTimeController->trackTime(Object(Illuminate\\Http\\Request))
#3 C:\\Users\\Aasif\\Desktop\\OnlineStore\\vendor\\laravel\\framework\\src\\Illuminate\\Routing\\ControllerDispatcher.php(43): Illuminate\\Routing\\Controller->callAction('trackTime', Array)
#4 C:\\Users\\Aasif\\Desktop\\OnlineStore\\vendor\\laravel\\framework\\src\\Illuminate\\Routing\\Route.php(259): Illuminate\\Routing\\ControllerDispatcher->dispatch(Object(Illuminate\\Routing\\Route), Object(App\\Http\\Controllers\\ScreenTimeController), 'trackTime')
#5 C:\\Users\\Aasif\\Desktop\\OnlineStore\\vendor\\laravel\\framework\\src\\Illuminate\\Routing\\Route.php(205): Illuminate\\Routing\\Route->runController()
#6 C:\\Users\\Aasif\\Desktop\\OnlineStore\\vendor\\laravel\\framework\\src\\Illuminate\\Routing\\Router.php(798): Illuminate\\Routing\\Route->run()
#7 C:\\Users\\Aasif\\Desktop\\OnlineStore\\vendor\\laravel\\framework\\src\\Illuminate\\Pipeline\\Pipeline.php(141): Illuminate\\Routing\\Router->Illuminate\\Routing\\{closure}(Object(Illuminate\\Http\\Request))
#8 C:\\Users\\Aasif\\Desktop\\OnlineStore\\app\\Http\\Middleware\\AdminPreventBackHistory.php(18): Illuminate\\Pipeline\\Pipeline->Illuminate\\Pipeline\\{closure}(Object(Illuminate\\Http\\Request))
#9 C:\\Users\\Aasif\\Desktop\\OnlineStore\\vendor\\laravel\\framework\\src\\Illuminate\\Pipeline\\Pipeline.php(180): App\\Http\\Middleware\\AdminPreventBackHistory->handle(Object(Illuminate\\Http\\Request), Object(Closure))
#10 C:\\Users\\Aasif\\Desktop\\OnlineStore\\app\\Http\\Middleware\\SetLocale.php(16): Illuminate\\Pipeline\\Pipeline->Illuminate\\Pipeline\\{closure}(Object(Illuminate\\Http\\Request))
#11 C:\\Users\\Aasif\\Desktop\\OnlineStore\\vendor\\laravel\\framework\\src\\Illuminate\\Pipeline\\Pipeline.php(180): App\\Http\\Middleware\\SetLocale->handle(Object(Illuminate\\Http\\Request), Object(Closure))
#12 C:\\Users\\Aasif\\Desktop\\OnlineStore\\vendor\\laravel\\framework\\src\\Illuminate\\Routing\\Middleware\\SubstituteBindings.php(50): Illuminate\\Pipeline\\Pipeline->Illuminate\\Pipeline\\{closure}(Object(Illuminate\\Http\\Request))
#13 C:\\Users\\Aasif\\Desktop\\OnlineStore\\vendor\\laravel\\framework\\src\\Illuminate\\Pipeline\\Pipeline.php(180): Illuminate\\Routing\\Middleware\\SubstituteBindings->handle(Object(Illuminate\\Http\\Request), Object(Closure))
#14 C:\\Users\\Aasif\\Desktop\\OnlineStore\\vendor\\laravel\\framework\\src\\Illuminate\\Foundation\\Http\\Middleware\\VerifyCsrfToken.php(78): Illuminate\\Pipeline\\Pipeline->Illuminate\\Pipeline\\{closure}(Object(Illuminate\\Http\\Request))
#15 C:\\Users\\Aasif\\Desktop\\OnlineStore\\vendor\\laravel\\framework\\src\\Illuminate\\Pipeline\\Pipeline.php(180): Illuminate\\Foundation\\Http\\Middleware\\VerifyCsrfToken->handle(Object(Illuminate\\Http\\Request), Object(Closure))
#16 C:\\Users\\Aasif\\Desktop\\OnlineStore\\vendor\\laravel\\framework\\src\\Illuminate\\View\\Middleware\\ShareErrorsFromSession.php(49): Illuminate\\Pipeline\\Pipeline->Illuminate\\Pipeline\\{closure}(Object(Illuminate\\Http\\Request))
#17 C:\\Users\\Aasif\\Desktop\\OnlineStore\\vendor\\laravel\\framework\\src\\Illuminate\\Pipeline\\Pipeline.php(180): Illuminate\\View\\Middleware\\ShareErrorsFromSession->handle(Object(Illuminate\\Http\\Request), Object(Closure))
#18 C:\\Users\\Aasif\\Desktop\\OnlineStore\\vendor\\laravel\\framework\\src\\Illuminate\\Session\\Middleware\\StartSession.php(121): Illuminate\\Pipeline\\Pipeline->Illuminate\\Pipeline\\{closure}(Object(Illuminate\\Http\\Request))
#19 C:\\Users\\Aasif\\Desktop\\OnlineStore\\vendor\\laravel\\framework\\src\\Illuminate\\Session\\Middleware\\StartSession.php(64): Illuminate\\Session\\Middleware\\StartSession->handleStatefulRequest(Object(Illuminate\\Http\\Request), Object(Illuminate\\Session\\Store), Object(Closure))
#20 C:\\Users\\Aasif\\Desktop\\OnlineStore\\vendor\\laravel\\framework\\src\\Illuminate\\Pipeline\\Pipeline.php(180): Illuminate\\Session\\Middleware\\StartSession->handle(Object(Illuminate\\Http\\Request), Object(Closure))
#21 C:\\Users\\Aasif\\Desktop\\OnlineStore\\vendor\\laravel\\framework\\src\\Illuminate\\Cookie\\Middleware\\AddQueuedCookiesToResponse.php(37): Illuminate\\Pipeline\\Pipeline->Illuminate\\Pipeline\\{closure}(Object(Illuminate\\Http\\Request))
#22 C:\\Users\\Aasif\\Desktop\\OnlineStore\\vendor\\laravel\\framework\\src\\Illuminate\\Pipeline\\Pipeline.php(180): Illuminate\\Cookie\\Middleware\\AddQueuedCookiesToResponse->handle(Object(Illuminate\\Http\\Request), Object(Closure))
#23 C:\\Users\\Aasif\\Desktop\\OnlineStore\\vendor\\laravel\\framework\\src\\Illuminate\\Cookie\\Middleware\\EncryptCookies.php(67): Illuminate\\Pipeline\\Pipeline->Illuminate\\Pipeline\\{closure}(Object(Illuminate\\Http\\Request))
#24 C:\\Users\\Aasif\\Desktop\\OnlineStore\\vendor\\laravel\\framework\\src\\Illuminate\\Pipeline\\Pipeline.php(180): Illuminate\\Cookie\\Middleware\\EncryptCookies->handle(Object(Illuminate\\Http\\Request), Object(Closure))
#25 C:\\Users\\Aasif\\Desktop\\OnlineStore\\vendor\\laravel\\framework\\src\\Illuminate\\Pipeline\\Pipeline.php(116): Illuminate\\Pipeline\\Pipeline->Illuminate\\Pipeline\\{closure}(Object(Illuminate\\Http\\Request))
#26 C:\\Users\\Aasif\\Desktop\\OnlineStore\\vendor\\laravel\\framework\\src\\Illuminate\\Routing\\Router.php(797): Illuminate\\Pipeline\\Pipeline->then(Object(Closure))
#27 C:\\Users\\Aasif\\Desktop\\OnlineStore\\vendor\\laravel\\framework\\src\\Illuminate\\Routing\\Router.php(776): Illuminate\\Routing\\Router->runRouteWithinStack(Object(Illuminate\\Routing\\Route), Object(Illuminate\\Http\\Request))
#28 C:\\Users\\Aasif\\Desktop\\OnlineStore\\vendor\\laravel\\framework\\src\\Illuminate\\Routing\\Router.php(740): Illuminate\\Routing\\Router->runRoute(Object(Illuminate\\Http\\Request), Object(Illuminate\\Routing\\Route))
#29 C:\\Users\\Aasif\\Desktop\\OnlineStore\\vendor\\laravel\\framework\\src\\Illuminate\\Routing\\Router.php(729): Illuminate\\Routing\\Router->dispatchToRoute(Object(Illuminate\\Http\\Request))
#30 C:\\Users\\Aasif\\Desktop\\OnlineStore\\vendor\\laravel\\framework\\src\\Illuminate\\Foundation\\Http\\Kernel.php(190): Illuminate\\Routing\\Router->dispatch(Object(Illuminate\\Http\\Request))
#31 C:\\Users\\Aasif\\Desktop\\OnlineStore\\vendor\\laravel\\framework\\src\\Illuminate\\Pipeline\\Pipeline.php(141): Illuminate\\Foundation\\Http\\Kernel->Illuminate\\Foundation\\Http\\{closure}(Object(Illuminate\\Http\\Request))
#32 C:\\Users\\Aasif\\Desktop\\OnlineStore\\vendor\\livewire\\livewire\\src\\DisableBrowserCache.php(19): Illuminate\\Pipeline\\Pipeline->Illuminate\\Pipeline\\{closure}(Object(Illuminate\\Http\\Request))
#33 C:\\Users\\Aasif\\Desktop\\OnlineStore\\vendor\\laravel\\framework\\src\\Illuminate\\Pipeline\\Pipeline.php(180): Livewire\\DisableBrowserCache->handle(Object(Illuminate\\Http\\Request), Object(Closure))
#34 C:\\Users\\Aasif\\Desktop\\OnlineStore\\vendor\\barryvdh\\laravel-debugbar\\src\\Middleware\\InjectDebugbar.php(59): Illuminate\\Pipeline\\Pipeline->Illuminate\\Pipeline\\{closure}(Object(Illuminate\\Http\\Request))
#35 C:\\Users\\Aasif\\Desktop\\OnlineStore\\vendor\\laravel\\framework\\src\\Illuminate\\Pipeline\\Pipeline.php(180): Barryvdh\\Debugbar\\Middleware\\InjectDebugbar->handle(Object(Illuminate\\Http\\Request), Object(Closure))
#36 C:\\Users\\Aasif\\Desktop\\OnlineStore\\vendor\\laravel\\framework\\src\\Illuminate\\Foundation\\Http\\Middleware\\TransformsRequest.php(21): Illuminate\\Pipeline\\Pipeline->Illuminate\\Pipeline\\{closure}(Object(Illuminate\\Http\\Request))
#37 C:\\Users\\Aasif\\Desktop\\OnlineStore\\vendor\\laravel\\framework\\src\\Illuminate\\Foundation\\Http\\Middleware\\ConvertEmptyStringsToNull.php(31): Illuminate\\Foundation\\Http\\Middleware\\TransformsRequest->handle(Object(Illuminate\\Http\\Request), Object(Closure))
#38 C:\\Users\\Aasif\\Desktop\\OnlineStore\\vendor\\laravel\\framework\\src\\Illuminate\\Pipeline\\Pipeline.php(180): Illuminate\\Foundation\\Http\\Middleware\\ConvertEmptyStringsToNull->handle(Object(Illuminate\\Http\\Request), Object(Closure))
#39 C:\\Users\\Aasif\\Desktop\\OnlineStore\\vendor\\laravel\\framework\\src\\Illuminate\\Foundation\\Http\\Middleware\\TransformsRequest.php(21): Illuminate\\Pipeline\\Pipeline->Illuminate\\Pipeline\\{closure}(Object(Illuminate\\Http\\Request))
#40 C:\\Users\\Aasif\\Desktop\\OnlineStore\\vendor\\laravel\\framework\\src\\Illuminate\\Foundation\\Http\\Middleware\\TrimStrings.php(40): Illuminate\\Foundation\\Http\\Middleware\\TransformsRequest->handle(Object(Illuminate\\Http\\Request), Object(Closure))
#41 C:\\Users\\Aasif\\Desktop\\OnlineStore\\vendor\\laravel\\framework\\src\\Illuminate\\Pipeline\\Pipeline.php(180): Illuminate\\Foundation\\Http\\Middleware\\TrimStrings->handle(Object(Illuminate\\Http\\Request), Object(Closure))
#42 C:\\Users\\Aasif\\Desktop\\OnlineStore\\vendor\\laravel\\framework\\src\\Illuminate\\Foundation\\Http\\Middleware\\ValidatePostSize.php(27): Illuminate\\Pipeline\\Pipeline->Illuminate\\Pipeline\\{closure}(Object(Illuminate\\Http\\Request))
#43 C:\\Users\\Aasif\\Desktop\\OnlineStore\\vendor\\laravel\\framework\\src\\Illuminate\\Pipeline\\Pipeline.php(180): Illuminate\\Foundation\\Http\\Middleware\\ValidatePostSize->handle(Object(Illuminate\\Http\\Request), Object(Closure))
#44 C:\\Users\\Aasif\\Desktop\\OnlineStore\\vendor\\laravel\\framework\\src\\Illuminate\\Foundation\\Http\\Middleware\\PreventRequestsDuringMaintenance.php(86): Illuminate\\Pipeline\\Pipeline->Illuminate\\Pipeline\\{closure}(Object(Illuminate\\Http\\Request))
#45 C:\\Users\\Aasif\\Desktop\\OnlineStore\\vendor\\laravel\\framework\\src\\Illuminate\\Pipeline\\Pipeline.php(180): Illuminate\\Foundation\\Http\\Middleware\\PreventRequestsDuringMaintenance->handle(Object(Illuminate\\Http\\Request), Object(Closure))
#46 C:\\Users\\Aasif\\Desktop\\OnlineStore\\vendor\\laravel\\framework\\src\\Illuminate\\Http\\Middleware\\HandleCors.php(49): Illuminate\\Pipeline\\Pipeline->Illuminate\\Pipeline\\{closure}(Object(Illuminate\\Http\\Request))
#47 C:\\Users\\Aasif\\Desktop\\OnlineStore\\vendor\\laravel\\framework\\src\\Illuminate\\Pipeline\\Pipeline.php(180): Illuminate\\Http\\Middleware\\HandleCors->handle(Object(Illuminate\\Http\\Request), Object(Closure))
#48 C:\\Users\\Aasif\\Desktop\\OnlineStore\\vendor\\laravel\\framework\\src\\Illuminate\\Http\\Middleware\\TrustProxies.php(39): Illuminate\\Pipeline\\Pipeline->Illuminate\\Pipeline\\{closure}(Object(Illuminate\\Http\\Request))
#49 C:\\Users\\Aasif\\Desktop\\OnlineStore\\vendor\\laravel\\framework\\src\\Illuminate\\Pipeline\\Pipeline.php(180): Illuminate\\Http\\Middleware\\TrustProxies->handle(Object(Illuminate\\Http\\Request), Object(Closure))
#50 C:\\Users\\Aasif\\Desktop\\OnlineStore\\vendor\\laravel\\framework\\src\\Illuminate\\Pipeline\\Pipeline.php(116): Illuminate\\Pipeline\\Pipeline->Illuminate\\Pipeline\\{closure}(Object(Illuminate\\Http\\Request))
#51 C:\\Users\\Aasif\\Desktop\\OnlineStore\\vendor\\laravel\\framework\\src\\Illuminate\\Foundation\\Http\\Kernel.php(165): Illuminate\\Pipeline\\Pipeline->then(Object(Closure))
#52 C:\\Users\\Aasif\\Desktop\\OnlineStore\\vendor\\laravel\\framework\\src\\Illuminate\\Foundation\\Http\\Kernel.php(134): Illuminate\\Foundation\\Http\\Kernel->sendRequestThroughRouter(Object(Illuminate\\Http\\Request))
#53 C:\\Users\\Aasif\\Desktop\\OnlineStore\\public\\index.php(51): Illuminate\\Foundation\\Http\\Kernel->handle(Object(Illuminate\\Http\\Request))
#54 C:\\Users\\Aasif\\Desktop\\OnlineStore\\vendor\\laravel\\framework\\src\\Illuminate\\Foundation\\resources\\server.php(16): require_once('C:\\\\Users\\\\Aasif\\\\...')
#55 {main}
"} 
[2024-07-09 08:32:12] local.ERROR: Undefined array key "productId" {"exception":"[object] (ErrorException(code: 0): Undefined array key \"productId\" at C:\\Users\\Aasif\\Desktop\\OnlineStore\\app\\Http\\Controllers\\ScreenTimeController.php:93)
[stacktrace]
#0 C:\\Users\\Aasif\\Desktop\\OnlineStore\\vendor\\laravel\\framework\\src\\Illuminate\\Foundation\\Bootstrap\\HandleExceptions.php(270): Illuminate\\Foundation\\Bootstrap\\HandleExceptions->handleError(2, 'Undefined array...', 'C:\\\\Users\\\\Aasif\\\\...', 93)
#1 C:\\Users\\Aasif\\Desktop\\OnlineStore\\app\\Http\\Controllers\\ScreenTimeController.php(93): Illuminate\\Foundation\\Bootstrap\\HandleExceptions->Illuminate\\Foundation\\Bootstrap\\{closure}(2, 'Undefined array...', 'C:\\\\Users\\\\Aasif\\\\...', 93)
#2 C:\\Users\\Aasif\\Desktop\\OnlineStore\\vendor\\laravel\\framework\\src\\Illuminate\\Routing\\Controller.php(54): App\\Http\\Controllers\\ScreenTimeController->trackTime(Object(Illuminate\\Http\\Request))
#3 C:\\Users\\Aasif\\Desktop\\OnlineStore\\vendor\\laravel\\framework\\src\\Illuminate\\Routing\\ControllerDispatcher.php(43): Illuminate\\Routing\\Controller->callAction('trackTime', Array)
#4 C:\\Users\\Aasif\\Desktop\\OnlineStore\\vendor\\laravel\\framework\\src\\Illuminate\\Routing\\Route.php(259): Illuminate\\Routing\\ControllerDispatcher->dispatch(Object(Illuminate\\Routing\\Route), Object(App\\Http\\Controllers\\ScreenTimeController), 'trackTime')
#5 C:\\Users\\Aasif\\Desktop\\OnlineStore\\vendor\\laravel\\framework\\src\\Illuminate\\Routing\\Route.php(205): Illuminate\\Routing\\Route->runController()
#6 C:\\Users\\Aasif\\Desktop\\OnlineStore\\vendor\\laravel\\framework\\src\\Illuminate\\Routing\\Router.php(798): Illuminate\\Routing\\Route->run()
#7 C:\\Users\\Aasif\\Desktop\\OnlineStore\\vendor\\laravel\\framework\\src\\Illuminate\\Pipeline\\Pipeline.php(141): Illuminate\\Routing\\Router->Illuminate\\Routing\\{closure}(Object(Illuminate\\Http\\Request))
#8 C:\\Users\\Aasif\\Desktop\\OnlineStore\\app\\Http\\Middleware\\AdminPreventBackHistory.php(18): Illuminate\\Pipeline\\Pipeline->Illuminate\\Pipeline\\{closure}(Object(Illuminate\\Http\\Request))
#9 C:\\Users\\Aasif\\Desktop\\OnlineStore\\vendor\\laravel\\framework\\src\\Illuminate\\Pipeline\\Pipeline.php(180): App\\Http\\Middleware\\AdminPreventBackHistory->handle(Object(Illuminate\\Http\\Request), Object(Closure))
#10 C:\\Users\\Aasif\\Desktop\\OnlineStore\\app\\Http\\Middleware\\SetLocale.php(16): Illuminate\\Pipeline\\Pipeline->Illuminate\\Pipeline\\{closure}(Object(Illuminate\\Http\\Request))
#11 C:\\Users\\Aasif\\Desktop\\OnlineStore\\vendor\\laravel\\framework\\src\\Illuminate\\Pipeline\\Pipeline.php(180): App\\Http\\Middleware\\SetLocale->handle(Object(Illuminate\\Http\\Request), Object(Closure))
#12 C:\\Users\\Aasif\\Desktop\\OnlineStore\\vendor\\laravel\\framework\\src\\Illuminate\\Routing\\Middleware\\SubstituteBindings.php(50): Illuminate\\Pipeline\\Pipeline->Illuminate\\Pipeline\\{closure}(Object(Illuminate\\Http\\Request))
#13 C:\\Users\\Aasif\\Desktop\\OnlineStore\\vendor\\laravel\\framework\\src\\Illuminate\\Pipeline\\Pipeline.php(180): Illuminate\\Routing\\Middleware\\SubstituteBindings->handle(Object(Illuminate\\Http\\Request), Object(Closure))
#14 C:\\Users\\Aasif\\Desktop\\OnlineStore\\vendor\\laravel\\framework\\src\\Illuminate\\Foundation\\Http\\Middleware\\VerifyCsrfToken.php(78): Illuminate\\Pipeline\\Pipeline->Illuminate\\Pipeline\\{closure}(Object(Illuminate\\Http\\Request))
#15 C:\\Users\\Aasif\\Desktop\\OnlineStore\\vendor\\laravel\\framework\\src\\Illuminate\\Pipeline\\Pipeline.php(180): Illuminate\\Foundation\\Http\\Middleware\\VerifyCsrfToken->handle(Object(Illuminate\\Http\\Request), Object(Closure))
#16 C:\\Users\\Aasif\\Desktop\\OnlineStore\\vendor\\laravel\\framework\\src\\Illuminate\\View\\Middleware\\ShareErrorsFromSession.php(49): Illuminate\\Pipeline\\Pipeline->Illuminate\\Pipeline\\{closure}(Object(Illuminate\\Http\\Request))
#17 C:\\Users\\Aasif\\Desktop\\OnlineStore\\vendor\\laravel\\framework\\src\\Illuminate\\Pipeline\\Pipeline.php(180): Illuminate\\View\\Middleware\\ShareErrorsFromSession->handle(Object(Illuminate\\Http\\Request), Object(Closure))
#18 C:\\Users\\Aasif\\Desktop\\OnlineStore\\vendor\\laravel\\framework\\src\\Illuminate\\Session\\Middleware\\StartSession.php(121): Illuminate\\Pipeline\\Pipeline->Illuminate\\Pipeline\\{closure}(Object(Illuminate\\Http\\Request))
#19 C:\\Users\\Aasif\\Desktop\\OnlineStore\\vendor\\laravel\\framework\\src\\Illuminate\\Session\\Middleware\\StartSession.php(64): Illuminate\\Session\\Middleware\\StartSession->handleStatefulRequest(Object(Illuminate\\Http\\Request), Object(Illuminate\\Session\\Store), Object(Closure))
#20 C:\\Users\\Aasif\\Desktop\\OnlineStore\\vendor\\laravel\\framework\\src\\Illuminate\\Pipeline\\Pipeline.php(180): Illuminate\\Session\\Middleware\\StartSession->handle(Object(Illuminate\\Http\\Request), Object(Closure))
#21 C:\\Users\\Aasif\\Desktop\\OnlineStore\\vendor\\laravel\\framework\\src\\Illuminate\\Cookie\\Middleware\\AddQueuedCookiesToResponse.php(37): Illuminate\\Pipeline\\Pipeline->Illuminate\\Pipeline\\{closure}(Object(Illuminate\\Http\\Request))
#22 C:\\Users\\Aasif\\Desktop\\OnlineStore\\vendor\\laravel\\framework\\src\\Illuminate\\Pipeline\\Pipeline.php(180): Illuminate\\Cookie\\Middleware\\AddQueuedCookiesToResponse->handle(Object(Illuminate\\Http\\Request), Object(Closure))
#23 C:\\Users\\Aasif\\Desktop\\OnlineStore\\vendor\\laravel\\framework\\src\\Illuminate\\Cookie\\Middleware\\EncryptCookies.php(67): Illuminate\\Pipeline\\Pipeline->Illuminate\\Pipeline\\{closure}(Object(Illuminate\\Http\\Request))
#24 C:\\Users\\Aasif\\Desktop\\OnlineStore\\vendor\\laravel\\framework\\src\\Illuminate\\Pipeline\\Pipeline.php(180): Illuminate\\Cookie\\Middleware\\EncryptCookies->handle(Object(Illuminate\\Http\\Request), Object(Closure))
#25 C:\\Users\\Aasif\\Desktop\\OnlineStore\\vendor\\laravel\\framework\\src\\Illuminate\\Pipeline\\Pipeline.php(116): Illuminate\\Pipeline\\Pipeline->Illuminate\\Pipeline\\{closure}(Object(Illuminate\\Http\\Request))
#26 C:\\Users\\Aasif\\Desktop\\OnlineStore\\vendor\\laravel\\framework\\src\\Illuminate\\Routing\\Router.php(797): Illuminate\\Pipeline\\Pipeline->then(Object(Closure))
#27 C:\\Users\\Aasif\\Desktop\\OnlineStore\\vendor\\laravel\\framework\\src\\Illuminate\\Routing\\Router.php(776): Illuminate\\Routing\\Router->runRouteWithinStack(Object(Illuminate\\Routing\\Route), Object(Illuminate\\Http\\Request))
#28 C:\\Users\\Aasif\\Desktop\\OnlineStore\\vendor\\laravel\\framework\\src\\Illuminate\\Routing\\Router.php(740): Illuminate\\Routing\\Router->runRoute(Object(Illuminate\\Http\\Request), Object(Illuminate\\Routing\\Route))
#29 C:\\Users\\Aasif\\Desktop\\OnlineStore\\vendor\\laravel\\framework\\src\\Illuminate\\Routing\\Router.php(729): Illuminate\\Routing\\Router->dispatchToRoute(Object(Illuminate\\Http\\Request))
#30 C:\\Users\\Aasif\\Desktop\\OnlineStore\\vendor\\laravel\\framework\\src\\Illuminate\\Foundation\\Http\\Kernel.php(190): Illuminate\\Routing\\Router->dispatch(Object(Illuminate\\Http\\Request))
#31 C:\\Users\\Aasif\\Desktop\\OnlineStore\\vendor\\laravel\\framework\\src\\Illuminate\\Pipeline\\Pipeline.php(141): Illuminate\\Foundation\\Http\\Kernel->Illuminate\\Foundation\\Http\\{closure}(Object(Illuminate\\Http\\Request))
#32 C:\\Users\\Aasif\\Desktop\\OnlineStore\\vendor\\livewire\\livewire\\src\\DisableBrowserCache.php(19): Illuminate\\Pipeline\\Pipeline->Illuminate\\Pipeline\\{closure}(Object(Illuminate\\Http\\Request))
#33 C:\\Users\\Aasif\\Desktop\\OnlineStore\\vendor\\laravel\\framework\\src\\Illuminate\\Pipeline\\Pipeline.php(180): Livewire\\DisableBrowserCache->handle(Object(Illuminate\\Http\\Request), Object(Closure))
#34 C:\\Users\\Aasif\\Desktop\\OnlineStore\\vendor\\barryvdh\\laravel-debugbar\\src\\Middleware\\InjectDebugbar.php(59): Illuminate\\Pipeline\\Pipeline->Illuminate\\Pipeline\\{closure}(Object(Illuminate\\Http\\Request))
#35 C:\\Users\\Aasif\\Desktop\\OnlineStore\\vendor\\laravel\\framework\\src\\Illuminate\\Pipeline\\Pipeline.php(180): Barryvdh\\Debugbar\\Middleware\\InjectDebugbar->handle(Object(Illuminate\\Http\\Request), Object(Closure))
#36 C:\\Users\\Aasif\\Desktop\\OnlineStore\\vendor\\laravel\\framework\\src\\Illuminate\\Foundation\\Http\\Middleware\\TransformsRequest.php(21): Illuminate\\Pipeline\\Pipeline->Illuminate\\Pipeline\\{closure}(Object(Illuminate\\Http\\Request))
#37 C:\\Users\\Aasif\\Desktop\\OnlineStore\\vendor\\laravel\\framework\\src\\Illuminate\\Foundation\\Http\\Middleware\\ConvertEmptyStringsToNull.php(31): Illuminate\\Foundation\\Http\\Middleware\\TransformsRequest->handle(Object(Illuminate\\Http\\Request), Object(Closure))
#38 C:\\Users\\Aasif\\Desktop\\OnlineStore\\vendor\\laravel\\framework\\src\\Illuminate\\Pipeline\\Pipeline.php(180): Illuminate\\Foundation\\Http\\Middleware\\ConvertEmptyStringsToNull->handle(Object(Illuminate\\Http\\Request), Object(Closure))
#39 C:\\Users\\Aasif\\Desktop\\OnlineStore\\vendor\\laravel\\framework\\src\\Illuminate\\Foundation\\Http\\Middleware\\TransformsRequest.php(21): Illuminate\\Pipeline\\Pipeline->Illuminate\\Pipeline\\{closure}(Object(Illuminate\\Http\\Request))
#40 C:\\Users\\Aasif\\Desktop\\OnlineStore\\vendor\\laravel\\framework\\src\\Illuminate\\Foundation\\Http\\Middleware\\TrimStrings.php(40): Illuminate\\Foundation\\Http\\Middleware\\TransformsRequest->handle(Object(Illuminate\\Http\\Request), Object(Closure))
#41 C:\\Users\\Aasif\\Desktop\\OnlineStore\\vendor\\laravel\\framework\\src\\Illuminate\\Pipeline\\Pipeline.php(180): Illuminate\\Foundation\\Http\\Middleware\\TrimStrings->handle(Object(Illuminate\\Http\\Request), Object(Closure))
#42 C:\\Users\\Aasif\\Desktop\\OnlineStore\\vendor\\laravel\\framework\\src\\Illuminate\\Foundation\\Http\\Middleware\\ValidatePostSize.php(27): Illuminate\\Pipeline\\Pipeline->Illuminate\\Pipeline\\{closure}(Object(Illuminate\\Http\\Request))
#43 C:\\Users\\Aasif\\Desktop\\OnlineStore\\vendor\\laravel\\framework\\src\\Illuminate\\Pipeline\\Pipeline.php(180): Illuminate\\Foundation\\Http\\Middleware\\ValidatePostSize->handle(Object(Illuminate\\Http\\Request), Object(Closure))
#44 C:\\Users\\Aasif\\Desktop\\OnlineStore\\vendor\\laravel\\framework\\src\\Illuminate\\Foundation\\Http\\Middleware\\PreventRequestsDuringMaintenance.php(86): Illuminate\\Pipeline\\Pipeline->Illuminate\\Pipeline\\{closure}(Object(Illuminate\\Http\\Request))
#45 C:\\Users\\Aasif\\Desktop\\OnlineStore\\vendor\\laravel\\framework\\src\\Illuminate\\Pipeline\\Pipeline.php(180): Illuminate\\Foundation\\Http\\Middleware\\PreventRequestsDuringMaintenance->handle(Object(Illuminate\\Http\\Request), Object(Closure))
#46 C:\\Users\\Aasif\\Desktop\\OnlineStore\\vendor\\laravel\\framework\\src\\Illuminate\\Http\\Middleware\\HandleCors.php(49): Illuminate\\Pipeline\\Pipeline->Illuminate\\Pipeline\\{closure}(Object(Illuminate\\Http\\Request))
#47 C:\\Users\\Aasif\\Desktop\\OnlineStore\\vendor\\laravel\\framework\\src\\Illuminate\\Pipeline\\Pipeline.php(180): Illuminate\\Http\\Middleware\\HandleCors->handle(Object(Illuminate\\Http\\Request), Object(Closure))
#48 C:\\Users\\Aasif\\Desktop\\OnlineStore\\vendor\\laravel\\framework\\src\\Illuminate\\Http\\Middleware\\TrustProxies.php(39): Illuminate\\Pipeline\\Pipeline->Illuminate\\Pipeline\\{closure}(Object(Illuminate\\Http\\Request))
#49 C:\\Users\\Aasif\\Desktop\\OnlineStore\\vendor\\laravel\\framework\\src\\Illuminate\\Pipeline\\Pipeline.php(180): Illuminate\\Http\\Middleware\\TrustProxies->handle(Object(Illuminate\\Http\\Request), Object(Closure))
#50 C:\\Users\\Aasif\\Desktop\\OnlineStore\\vendor\\laravel\\framework\\src\\Illuminate\\Pipeline\\Pipeline.php(116): Illuminate\\Pipeline\\Pipeline->Illuminate\\Pipeline\\{closure}(Object(Illuminate\\Http\\Request))
#51 C:\\Users\\Aasif\\Desktop\\OnlineStore\\vendor\\laravel\\framework\\src\\Illuminate\\Foundation\\Http\\Kernel.php(165): Illuminate\\Pipeline\\Pipeline->then(Object(Closure))
#52 C:\\Users\\Aasif\\Desktop\\OnlineStore\\vendor\\laravel\\framework\\src\\Illuminate\\Foundation\\Http\\Kernel.php(134): Illuminate\\Foundation\\Http\\Kernel->sendRequestThroughRouter(Object(Illuminate\\Http\\Request))
#53 C:\\Users\\Aasif\\Desktop\\OnlineStore\\public\\index.php(51): Illuminate\\Foundation\\Http\\Kernel->handle(Object(Illuminate\\Http\\Request))
#54 C:\\Users\\Aasif\\Desktop\\OnlineStore\\vendor\\laravel\\framework\\src\\Illuminate\\Foundation\\resources\\server.php(16): require_once('C:\\\\Users\\\\Aasif\\\\...')
#55 {main}
"} 
